{"/home/oumou/devops-games/TwoShips/src/math.js":{"path":"/home/oumou/devops-games/TwoShips/src/math.js","statementMap":{"0":{"start":{"line":3,"column":0},"end":{"line":5,"column":3}},"1":{"start":{"line":6,"column":0},"end":{"line":6,"column":104}},"2":{"start":{"line":7,"column":12},"end":{"line":9,"column":1}},"3":{"start":{"line":8,"column":2},"end":{"line":8,"column":45}},"4":{"start":{"line":10,"column":11},"end":{"line":12,"column":1}},"5":{"start":{"line":11,"column":2},"end":{"line":11,"column":29}},"6":{"start":{"line":13,"column":16},"end":{"line":15,"column":1}},"7":{"start":{"line":14,"column":2},"end":{"line":14,"column":47}},"8":{"start":{"line":16,"column":16},"end":{"line":18,"column":1}},"9":{"start":{"line":17,"column":2},"end":{"line":17,"column":44}},"10":{"start":{"line":19,"column":22},"end":{"line":21,"column":1}},"11":{"start":{"line":20,"column":2},"end":{"line":20,"column":39}}},"fnMap":{"0":{"name":"clamp","decl":{"start":{"line":7,"column":37},"end":{"line":7,"column":42}},"loc":{"start":{"line":7,"column":60},"end":{"line":9,"column":1}},"line":7},"1":{"name":"lerp","decl":{"start":{"line":10,"column":35},"end":{"line":10,"column":39}},"loc":{"start":{"line":10,"column":49},"end":{"line":12,"column":1}},"line":10},"2":{"name":"mapLinear","decl":{"start":{"line":13,"column":45},"end":{"line":13,"column":54}},"loc":{"start":{"line":13,"column":74},"end":{"line":15,"column":1}},"line":13},"3":{"name":"randFloat","decl":{"start":{"line":16,"column":45},"end":{"line":16,"column":54}},"loc":{"start":{"line":16,"column":66},"end":{"line":18,"column":1}},"line":16},"4":{"name":"randFloatSpread","decl":{"start":{"line":19,"column":57},"end":{"line":19,"column":72}},"loc":{"start":{"line":19,"column":80},"end":{"line":21,"column":1}},"line":19}},"branchMap":{},"s":{"0":1,"1":1,"2":1,"3":0,"4":1,"5":0,"6":1,"7":0,"8":1,"9":0,"10":1,"11":0},"f":{"0":0,"1":0,"2":0,"3":0,"4":0},"b":{},"inputSourceMap":{"version":3,"names":["clamp","exports","value","min","max","Math","lerp","x","y","t","mapLinear","a1","a2","b1","b2","randFloat","low","high","random","randFloatSpread","range"],"sourceRoot":"/home/oumou/devops-games/TwoShips/src/","sources":["math.js"],"sourcesContent":["export var clamp = (value, min, max) => Math.min(Math.max(value, min), max);\n\nexport var lerp = (x, y, t) => (1 - t) * x + t * y;\n\nexport var mapLinear = (x, a1, a2, b1, b2) =>\n  b1 + ((x - a1) * (b2 - b1)) / (a2 - a1);\n\nexport var randFloat = (low, high) => low + Math.random() * (high - low);\n\nexport var randFloatSpread = (range) => range * (0.5 - Math.random());\n"],"mappings":";;;;;;AAAO,IAAIA,KAAK,GAAAC,OAAA,CAAAD,KAAA,GAAG,SAARA,KAAKA,CAAIE,KAAK,EAAEC,GAAG,EAAEC,GAAG;EAAA,OAAKC,IAAI,CAACF,GAAG,CAACE,IAAI,CAACD,GAAG,CAACF,KAAK,EAAEC,GAAG,CAAC,EAAEC,GAAG,CAAC;AAAA;AAEpE,IAAIE,IAAI,GAAAL,OAAA,CAAAK,IAAA,GAAG,SAAPA,IAAIA,CAAIC,CAAC,EAAEC,CAAC,EAAEC,CAAC;EAAA,OAAK,CAAC,CAAC,GAAGA,CAAC,IAAIF,CAAC,GAAGE,CAAC,GAAGD,CAAC;AAAA;AAE3C,IAAIE,SAAS,GAAAT,OAAA,CAAAS,SAAA,GAAG,SAAZA,SAASA,CAAIH,CAAC,EAAEI,EAAE,EAAEC,EAAE,EAAEC,EAAE,EAAEC,EAAE;EAAA,OACvCD,EAAE,GAAI,CAACN,CAAC,GAAGI,EAAE,KAAKG,EAAE,GAAGD,EAAE,CAAC,IAAKD,EAAE,GAAGD,EAAE,CAAC;AAAA;AAElC,IAAII,SAAS,GAAAd,OAAA,CAAAc,SAAA,GAAG,SAAZA,SAASA,CAAIC,GAAG,EAAEC,IAAI;EAAA,OAAKD,GAAG,GAAGX,IAAI,CAACa,MAAM,CAAC,CAAC,IAAID,IAAI,GAAGD,GAAG,CAAC;AAAA;AAEjE,IAAIG,eAAe,GAAAlB,OAAA,CAAAkB,eAAA,GAAG,SAAlBA,eAAeA,CAAIC,KAAK;EAAA,OAAKA,KAAK,IAAI,GAAG,GAAGf,IAAI,CAACa,MAAM,CAAC,CAAC,CAAC;AAAA","ignoreList":[]},"_coverageSchema":"1a1c01bbd47fc00a2c39e90264f33305004495a9","hash":"9c490fafe572e8de1ad21a30bff7549dddcfd15e","contentHash":"98708867b799adcd6c221b1e1c1dd012d4807fce25b641c03ab927e42e1852db"},"/home/oumou/devops-games/TwoShips/src/player.js":{"path":"/home/oumou/devops-games/TwoShips/src/player.js","statementMap":{"0":{"start":{"line":3,"column":0},"end":{"line":5,"column":3}},"1":{"start":{"line":6,"column":0},"end":{"line":6,"column":99}},"2":{"start":{"line":7,"column":13},"end":{"line":7,"column":34}},"3":{"start":{"line":8,"column":11},"end":{"line":8,"column":31}},"4":{"start":{"line":9,"column":15},"end":{"line":9,"column":38}},"5":{"start":{"line":10,"column":11},"end":{"line":10,"column":31}},"6":{"start":{"line":11,"column":33},"end":{"line":11,"column":143}},"7":{"start":{"line":12,"column":32},"end":{"line":12,"column":188}},"8":{"start":{"line":13,"column":45},"end":{"line":13,"column":376}},"9":{"start":{"line":13,"column":54},"end":{"line":13,"column":111}},"10":{"start":{"line":13,"column":80},"end":{"line":13,"column":111}},"11":{"start":{"line":13,"column":120},"end":{"line":13,"column":152}},"12":{"start":{"line":13,"column":154},"end":{"line":13,"column":374}},"13":{"start":{"line":14,"column":31},"end":{"line":14,"column":143}},"14":{"start":{"line":14,"column":122},"end":{"line":14,"column":143}},"15":{"start":{"line":15,"column":33},"end":{"line":15,"column":83}},"16":{"start":{"line":15,"column":55},"end":{"line":15,"column":83}},"17":{"start":{"line":16,"column":35},"end":{"line":16,"column":81}},"18":{"start":{"line":16,"column":82},"end":{"line":16,"column":136}},"19":{"start":{"line":16,"column":95},"end":{"line":16,"column":96}},"20":{"start":{"line":16,"column":102},"end":{"line":16,"column":110}},"21":{"start":{"line":16,"column":124},"end":{"line":16,"column":136}},"22":{"start":{"line":16,"column":137},"end":{"line":16,"column":146}},"23":{"start":{"line":18,"column":20},"end":{"line":18,"column":23}},"24":{"start":{"line":21,"column":19},"end":{"line":21,"column":22}},"25":{"start":{"line":22,"column":20},"end":{"line":22,"column":22}},"26":{"start":{"line":23,"column":23},"end":{"line":23,"column":24}},"27":{"start":{"line":24,"column":18},"end":{"line":24,"column":19}},"28":{"start":{"line":25,"column":14},"end":{"line":25,"column":17}},"29":{"start":{"line":26,"column":16},"end":{"line":26,"column":19}},"30":{"start":{"line":27,"column":32},"end":{"line":27,"column":65}},"31":{"start":{"line":28,"column":20},"end":{"line":45,"column":1}},"32":{"start":{"line":29,"column":2},"end":{"line":44,"column":4}},"33":{"start":{"line":46,"column":20},"end":{"line":60,"column":1}},"34":{"start":{"line":47,"column":2},"end":{"line":50,"column":3}},"35":{"start":{"line":49,"column":4},"end":{"line":49,"column":24}},"36":{"start":{"line":51,"column":2},"end":{"line":51,"column":29}},"37":{"start":{"line":52,"column":2},"end":{"line":58,"column":3}},"38":{"start":{"line":54,"column":4},"end":{"line":54,"column":28}},"39":{"start":{"line":57,"column":4},"end":{"line":57,"column":27}},"40":{"start":{"line":59,"column":2},"end":{"line":59,"column":29}},"41":{"start":{"line":61,"column":19},"end":{"line":68,"column":1}},"42":{"start":{"line":62,"column":2},"end":{"line":67,"column":4}},"43":{"start":{"line":69,"column":17},"end":{"line":75,"column":1}},"44":{"start":{"line":70,"column":2},"end":{"line":70,"column":26}},"45":{"start":{"line":71,"column":2},"end":{"line":71,"column":26}},"46":{"start":{"line":72,"column":2},"end":{"line":72,"column":36}},"47":{"start":{"line":73,"column":2},"end":{"line":73,"column":36}},"48":{"start":{"line":74,"column":2},"end":{"line":74,"column":11}},"49":{"start":{"line":76,"column":18},"end":{"line":82,"column":3}},"50":{"start":{"line":77,"column":15},"end":{"line":77,"column":29}},"51":{"start":{"line":78,"column":2},"end":{"line":81,"column":4}},"52":{"start":{"line":79,"column":4},"end":{"line":79,"column":30}},"53":{"start":{"line":80,"column":4},"end":{"line":80,"column":17}},"54":{"start":{"line":83,"column":17},"end":{"line":108,"column":3}},"55":{"start":{"line":84,"column":13},"end":{"line":84,"column":36}},"56":{"start":{"line":85,"column":13},"end":{"line":85,"column":36}},"57":{"start":{"line":86,"column":18},"end":{"line":86,"column":41}},"58":{"start":{"line":87,"column":25},"end":{"line":87,"column":48}},"59":{"start":{"line":88,"column":17},"end":{"line":88,"column":40}},"60":{"start":{"line":89,"column":15},"end":{"line":89,"column":29}},"61":{"start":{"line":90,"column":2},"end":{"line":107,"column":4}},"62":{"start":{"line":91,"column":4},"end":{"line":91,"column":23}},"63":{"start":{"line":92,"column":4},"end":{"line":92,"column":52}},"64":{"start":{"line":93,"column":4},"end":{"line":93,"column":83}},"65":{"start":{"line":94,"column":4},"end":{"line":94,"column":186}},"66":{"start":{"line":95,"column":4},"end":{"line":104,"column":5}},"67":{"start":{"line":95,"column":17},"end":{"line":95,"column":18}},"68":{"start":{"line":96,"column":18},"end":{"line":96,"column":27}},"69":{"start":{"line":97,"column":6},"end":{"line":99,"column":7}},"70":{"start":{"line":98,"column":8},"end":{"line":98,"column":17}},"71":{"start":{"line":100,"column":6},"end":{"line":100,"column":77}},"72":{"start":{"line":101,"column":6},"end":{"line":103,"column":7}},"73":{"start":{"line":102,"column":8},"end":{"line":102,"column":34}},"74":{"start":{"line":105,"column":4},"end":{"line":105,"column":52}},"75":{"start":{"line":106,"column":4},"end":{"line":106,"column":73}},"76":{"start":{"line":109,"column":19},"end":{"line":114,"column":1}},"77":{"start":{"line":110,"column":15},"end":{"line":112,"column":4}},"78":{"start":{"line":111,"column":4},"end":{"line":111,"column":73}},"79":{"start":{"line":113,"column":2},"end":{"line":113,"column":53}},"80":{"start":{"line":115,"column":22},"end":{"line":115,"column":23}},"81":{"start":{"line":116,"column":23},"end":{"line":269,"column":3}},"82":{"start":{"line":117,"column":12},"end":{"line":117,"column":35}},"83":{"start":{"line":119,"column":15},"end":{"line":121,"column":4}},"84":{"start":{"line":120,"column":4},"end":{"line":120,"column":35}},"85":{"start":{"line":122,"column":21},"end":{"line":122,"column":44}},"86":{"start":{"line":123,"column":14},"end":{"line":123,"column":28}},"87":{"start":{"line":124,"column":12},"end":{"line":124,"column":35}},"88":{"start":{"line":125,"column":20},"end":{"line":125,"column":43}},"89":{"start":{"line":126,"column":24},"end":{"line":126,"column":47}},"90":{"start":{"line":127,"column":2},"end":{"line":268,"column":4}},"91":{"start":{"line":128,"column":4},"end":{"line":136,"column":5}},"92":{"start":{"line":129,"column":6},"end":{"line":129,"column":55}},"93":{"start":{"line":130,"column":6},"end":{"line":130,"column":50}},"94":{"start":{"line":131,"column":6},"end":{"line":131,"column":78}},"95":{"start":{"line":132,"column":6},"end":{"line":135,"column":7}},"96":{"start":{"line":134,"column":8},"end":{"line":134,"column":98}},"97":{"start":{"line":137,"column":20},"end":{"line":137,"column":29}},"98":{"start":{"line":140,"column":4},"end":{"line":145,"column":5}},"99":{"start":{"line":141,"column":6},"end":{"line":141,"column":20}},"100":{"start":{"line":142,"column":6},"end":{"line":142,"column":58}},"101":{"start":{"line":144,"column":6},"end":{"line":144,"column":20}},"102":{"start":{"line":148,"column":4},"end":{"line":148,"column":85}},"103":{"start":{"line":149,"column":4},"end":{"line":149,"column":16}},"104":{"start":{"line":151,"column":19},"end":{"line":151,"column":20}},"105":{"start":{"line":152,"column":4},"end":{"line":263,"column":5}},"106":{"start":{"line":154,"column":6},"end":{"line":154,"column":114}},"107":{"start":{"line":157,"column":6},"end":{"line":157,"column":63}},"108":{"start":{"line":158,"column":6},"end":{"line":161,"column":7}},"109":{"start":{"line":159,"column":8},"end":{"line":159,"column":35}},"110":{"start":{"line":160,"column":8},"end":{"line":160,"column":20}},"111":{"start":{"line":162,"column":6},"end":{"line":165,"column":7}},"112":{"start":{"line":164,"column":8},"end":{"line":164,"column":60}},"113":{"start":{"line":166,"column":6},"end":{"line":169,"column":7}},"114":{"start":{"line":168,"column":8},"end":{"line":168,"column":14}},"115":{"start":{"line":170,"column":6},"end":{"line":170,"column":46}},"116":{"start":{"line":171,"column":6},"end":{"line":175,"column":7}},"117":{"start":{"line":173,"column":8},"end":{"line":173,"column":58}},"118":{"start":{"line":174,"column":8},"end":{"line":174,"column":20}},"119":{"start":{"line":182,"column":6},"end":{"line":187,"column":7}},"120":{"start":{"line":182,"column":19},"end":{"line":182,"column":20}},"121":{"start":{"line":183,"column":8},"end":{"line":186,"column":9}},"122":{"start":{"line":184,"column":10},"end":{"line":184,"column":65}},"123":{"start":{"line":185,"column":10},"end":{"line":185,"column":16}},"124":{"start":{"line":188,"column":6},"end":{"line":190,"column":7}},"125":{"start":{"line":189,"column":8},"end":{"line":189,"column":17}},"126":{"start":{"line":191,"column":6},"end":{"line":191,"column":53}},"127":{"start":{"line":192,"column":6},"end":{"line":192,"column":18}},"128":{"start":{"line":199,"column":6},"end":{"line":262,"column":7}},"129":{"start":{"line":200,"column":19},"end":{"line":200,"column":70}},"130":{"start":{"line":201,"column":8},"end":{"line":204,"column":9}},"131":{"start":{"line":203,"column":10},"end":{"line":203,"column":19}},"132":{"start":{"line":207,"column":8},"end":{"line":207,"column":111}},"133":{"start":{"line":208,"column":8},"end":{"line":211,"column":9}},"134":{"start":{"line":210,"column":10},"end":{"line":210,"column":107}},"135":{"start":{"line":214,"column":8},"end":{"line":254,"column":9}},"136":{"start":{"line":214,"column":21},"end":{"line":214,"column":22}},"137":{"start":{"line":215,"column":10},"end":{"line":217,"column":11}},"138":{"start":{"line":216,"column":12},"end":{"line":216,"column":21}},"139":{"start":{"line":218,"column":10},"end":{"line":221,"column":11}},"140":{"start":{"line":220,"column":12},"end":{"line":220,"column":21}},"141":{"start":{"line":224,"column":10},"end":{"line":224,"column":76}},"142":{"start":{"line":225,"column":10},"end":{"line":227,"column":11}},"143":{"start":{"line":226,"column":12},"end":{"line":226,"column":81}},"144":{"start":{"line":230,"column":10},"end":{"line":232,"column":11}},"145":{"start":{"line":231,"column":12},"end":{"line":231,"column":21}},"146":{"start":{"line":235,"column":10},"end":{"line":235,"column":198}},"147":{"start":{"line":236,"column":10},"end":{"line":238,"column":11}},"148":{"start":{"line":237,"column":12},"end":{"line":237,"column":117}},"149":{"start":{"line":241,"column":10},"end":{"line":253,"column":11}},"150":{"start":{"line":241,"column":23},"end":{"line":241,"column":24}},"151":{"start":{"line":242,"column":12},"end":{"line":244,"column":13}},"152":{"start":{"line":243,"column":14},"end":{"line":243,"column":23}},"153":{"start":{"line":245,"column":12},"end":{"line":248,"column":13}},"154":{"start":{"line":247,"column":14},"end":{"line":247,"column":23}},"155":{"start":{"line":251,"column":12},"end":{"line":251,"column":62}},"156":{"start":{"line":252,"column":12},"end":{"line":252,"column":24}},"157":{"start":{"line":257,"column":8},"end":{"line":257,"column":58}},"158":{"start":{"line":258,"column":8},"end":{"line":260,"column":9}},"159":{"start":{"line":259,"column":10},"end":{"line":259,"column":54}},"160":{"start":{"line":261,"column":8},"end":{"line":261,"column":14}},"161":{"start":{"line":264,"column":4},"end":{"line":266,"column":5}},"162":{"start":{"line":265,"column":6},"end":{"line":265,"column":55}},"163":{"start":{"line":267,"column":4},"end":{"line":267,"column":27}},"164":{"start":{"line":270,"column":23},"end":{"line":286,"column":1}},"165":{"start":{"line":271,"column":2},"end":{"line":274,"column":3}},"166":{"start":{"line":273,"column":4},"end":{"line":273,"column":17}},"167":{"start":{"line":277,"column":2},"end":{"line":280,"column":3}},"168":{"start":{"line":278,"column":4},"end":{"line":278,"column":25}},"169":{"start":{"line":279,"column":4},"end":{"line":279,"column":17}},"170":{"start":{"line":281,"column":2},"end":{"line":281,"column":25}},"171":{"start":{"line":282,"column":2},"end":{"line":282,"column":21}},"172":{"start":{"line":283,"column":2},"end":{"line":283,"column":41}},"173":{"start":{"line":284,"column":2},"end":{"line":284,"column":25}},"174":{"start":{"line":285,"column":2},"end":{"line":285,"column":14}},"175":{"start":{"line":287,"column":22},"end":{"line":320,"column":3}},"176":{"start":{"line":288,"column":16},"end":{"line":288,"column":39}},"177":{"start":{"line":289,"column":16},"end":{"line":289,"column":39}},"178":{"start":{"line":290,"column":2},"end":{"line":319,"column":4}},"179":{"start":{"line":291,"column":4},"end":{"line":294,"column":5}},"180":{"start":{"line":292,"column":6},"end":{"line":292,"column":29}},"181":{"start":{"line":293,"column":6},"end":{"line":293,"column":13}},"182":{"start":{"line":295,"column":4},"end":{"line":295,"column":28}},"183":{"start":{"line":296,"column":16},"end":{"line":296,"column":32}},"184":{"start":{"line":297,"column":16},"end":{"line":297,"column":32}},"185":{"start":{"line":298,"column":16},"end":{"line":298,"column":39}},"186":{"start":{"line":301,"column":4},"end":{"line":301,"column":29}},"187":{"start":{"line":302,"column":4},"end":{"line":302,"column":27}},"188":{"start":{"line":305,"column":4},"end":{"line":305,"column":347}},"189":{"start":{"line":306,"column":20},"end":{"line":306,"column":74}},"190":{"start":{"line":307,"column":4},"end":{"line":307,"column":38}},"191":{"start":{"line":308,"column":4},"end":{"line":308,"column":23}},"192":{"start":{"line":309,"column":4},"end":{"line":309,"column":65}},"193":{"start":{"line":312,"column":4},"end":{"line":312,"column":94}},"194":{"start":{"line":315,"column":4},"end":{"line":317,"column":5}},"195":{"start":{"line":316,"column":6},"end":{"line":316,"column":13}},"196":{"start":{"line":318,"column":4},"end":{"line":318,"column":36}},"197":{"start":{"line":321,"column":21},"end":{"line":351,"column":3}},"198":{"start":{"line":322,"column":16},"end":{"line":322,"column":39}},"199":{"start":{"line":323,"column":16},"end":{"line":323,"column":39}},"200":{"start":{"line":324,"column":2},"end":{"line":350,"column":4}},"201":{"start":{"line":325,"column":4},"end":{"line":325,"column":28}},"202":{"start":{"line":326,"column":16},"end":{"line":326,"column":32}},"203":{"start":{"line":327,"column":16},"end":{"line":327,"column":32}},"204":{"start":{"line":328,"column":16},"end":{"line":328,"column":39}},"205":{"start":{"line":331,"column":4},"end":{"line":331,"column":29}},"206":{"start":{"line":332,"column":4},"end":{"line":332,"column":27}},"207":{"start":{"line":333,"column":4},"end":{"line":333,"column":209}},"208":{"start":{"line":334,"column":4},"end":{"line":334,"column":18}},"209":{"start":{"line":335,"column":4},"end":{"line":335,"column":36}},"210":{"start":{"line":336,"column":20},"end":{"line":336,"column":50}},"211":{"start":{"line":337,"column":4},"end":{"line":337,"column":38}},"212":{"start":{"line":338,"column":4},"end":{"line":338,"column":23}},"213":{"start":{"line":341,"column":4},"end":{"line":341,"column":68}},"214":{"start":{"line":346,"column":4},"end":{"line":348,"column":5}},"215":{"start":{"line":347,"column":6},"end":{"line":347,"column":96}},"216":{"start":{"line":349,"column":4},"end":{"line":349,"column":35}},"217":{"start":{"line":352,"column":22},"end":{"line":382,"column":3}},"218":{"start":{"line":353,"column":12},"end":{"line":353,"column":35}},"219":{"start":{"line":354,"column":2},"end":{"line":381,"column":4}},"220":{"start":{"line":355,"column":14},"end":{"line":355,"column":34}},"221":{"start":{"line":356,"column":4},"end":{"line":356,"column":28}},"222":{"start":{"line":357,"column":4},"end":{"line":359,"column":5}},"223":{"start":{"line":358,"column":6},"end":{"line":358,"column":16}},"224":{"start":{"line":360,"column":16},"end":{"line":360,"column":42}},"225":{"start":{"line":361,"column":4},"end":{"line":365,"column":5}},"226":{"start":{"line":362,"column":6},"end":{"line":362,"column":16}},"227":{"start":{"line":363,"column":6},"end":{"line":363,"column":16}},"228":{"start":{"line":364,"column":6},"end":{"line":364,"column":13}},"229":{"start":{"line":366,"column":15},"end":{"line":366,"column":16}},"230":{"start":{"line":369,"column":4},"end":{"line":372,"column":5}},"231":{"start":{"line":370,"column":20},"end":{"line":370,"column":63}},"232":{"start":{"line":371,"column":6},"end":{"line":371,"column":48}},"233":{"start":{"line":375,"column":19},"end":{"line":375,"column":31}},"234":{"start":{"line":376,"column":4},"end":{"line":378,"column":5}},"235":{"start":{"line":377,"column":6},"end":{"line":377,"column":19}},"236":{"start":{"line":379,"column":4},"end":{"line":379,"column":22}},"237":{"start":{"line":380,"column":4},"end":{"line":380,"column":49}},"238":{"start":{"line":383,"column":22},"end":{"line":391,"column":1}},"239":{"start":{"line":384,"column":12},"end":{"line":384,"column":104}},"240":{"start":{"line":385,"column":2},"end":{"line":387,"column":3}},"241":{"start":{"line":386,"column":4},"end":{"line":386,"column":13}},"242":{"start":{"line":388,"column":14},"end":{"line":388,"column":51}},"243":{"start":{"line":389,"column":14},"end":{"line":389,"column":48}},"244":{"start":{"line":390,"column":2},"end":{"line":390,"column":15}},"245":{"start":{"line":392,"column":24},"end":{"line":403,"column":1}},"246":{"start":{"line":393,"column":21},"end":{"line":393,"column":70}},"247":{"start":{"line":394,"column":17},"end":{"line":394,"column":41}},"248":{"start":{"line":395,"column":2},"end":{"line":397,"column":3}},"249":{"start":{"line":396,"column":4},"end":{"line":396,"column":11}},"250":{"start":{"line":398,"column":19},"end":{"line":398,"column":48}},"251":{"start":{"line":399,"column":2},"end":{"line":401,"column":3}},"252":{"start":{"line":400,"column":4},"end":{"line":400,"column":26}},"253":{"start":{"line":402,"column":2},"end":{"line":402,"column":76}},"254":{"start":{"line":404,"column":25},"end":{"line":418,"column":3}},"255":{"start":{"line":405,"column":17},"end":{"line":405,"column":40}},"256":{"start":{"line":406,"column":14},"end":{"line":406,"column":28}},"257":{"start":{"line":407,"column":2},"end":{"line":417,"column":4}},"258":{"start":{"line":408,"column":4},"end":{"line":408,"column":52}},"259":{"start":{"line":409,"column":4},"end":{"line":409,"column":23}},"260":{"start":{"line":410,"column":4},"end":{"line":410,"column":66}},"261":{"start":{"line":412,"column":4},"end":{"line":415,"column":5}},"262":{"start":{"line":413,"column":6},"end":{"line":413,"column":29}},"263":{"start":{"line":414,"column":6},"end":{"line":414,"column":13}},"264":{"start":{"line":416,"column":4},"end":{"line":416,"column":26}}},"fnMap":{"0":{"name":"_toConsumableArray","decl":{"start":{"line":11,"column":9},"end":{"line":11,"column":27}},"loc":{"start":{"line":11,"column":31},"end":{"line":11,"column":145}},"line":11},"1":{"name":"_nonIterableSpread","decl":{"start":{"line":12,"column":9},"end":{"line":12,"column":27}},"loc":{"start":{"line":12,"column":30},"end":{"line":12,"column":190}},"line":12},"2":{"name":"_unsupportedIterableToArray","decl":{"start":{"line":13,"column":9},"end":{"line":13,"column":36}},"loc":{"start":{"line":13,"column":43},"end":{"line":13,"column":378}},"line":13},"3":{"name":"_iterableToArray","decl":{"start":{"line":14,"column":9},"end":{"line":14,"column":25}},"loc":{"start":{"line":14,"column":29},"end":{"line":14,"column":145}},"line":14},"4":{"name":"_arrayWithoutHoles","decl":{"start":{"line":15,"column":9},"end":{"line":15,"column":27}},"loc":{"start":{"line":15,"column":31},"end":{"line":15,"column":85}},"line":15},"5":{"name":"_arrayLikeToArray","decl":{"start":{"line":16,"column":9},"end":{"line":16,"column":26}},"loc":{"start":{"line":16,"column":33},"end":{"line":16,"column":148}},"line":16},"6":{"name":"player_create","decl":{"start":{"line":28,"column":53},"end":{"line":28,"column":66}},"loc":{"start":{"line":28,"column":81},"end":{"line":45,"column":1}},"line":28},"7":{"name":"player_update","decl":{"start":{"line":46,"column":53},"end":{"line":46,"column":66}},"loc":{"start":{"line":46,"column":75},"end":{"line":60,"column":1}},"line":46},"8":{"name":"trace_create","decl":{"start":{"line":61,"column":51},"end":{"line":61,"column":63}},"loc":{"start":{"line":61,"column":66},"end":{"line":68,"column":1}},"line":61},"9":{"name":"trace_copy","decl":{"start":{"line":69,"column":26},"end":{"line":69,"column":36}},"loc":{"start":{"line":69,"column":43},"end":{"line":75,"column":1}},"line":69},"10":{"name":"(anonymous_10)","decl":{"start":{"line":76,"column":18},"end":{"line":76,"column":19}},"loc":{"start":{"line":76,"column":30},"end":{"line":82,"column":1}},"line":76},"11":{"name":"(anonymous_11)","decl":{"start":{"line":78,"column":9},"end":{"line":78,"column":10}},"loc":{"start":{"line":78,"column":26},"end":{"line":81,"column":3}},"line":78},"12":{"name":"(anonymous_12)","decl":{"start":{"line":83,"column":38},"end":{"line":83,"column":39}},"loc":{"start":{"line":83,"column":50},"end":{"line":108,"column":1}},"line":83},"13":{"name":"(anonymous_13)","decl":{"start":{"line":90,"column":9},"end":{"line":90,"column":10}},"loc":{"start":{"line":90,"column":53},"end":{"line":107,"column":3}},"line":90},"14":{"name":"player_trace","decl":{"start":{"line":109,"column":28},"end":{"line":109,"column":40}},"loc":{"start":{"line":109,"column":68},"end":{"line":114,"column":1}},"line":109},"15":{"name":"(anonymous_15)","decl":{"start":{"line":110,"column":65},"end":{"line":110,"column":66}},"loc":{"start":{"line":110,"column":81},"end":{"line":112,"column":3}},"line":110},"16":{"name":"(anonymous_16)","decl":{"start":{"line":116,"column":23},"end":{"line":116,"column":24}},"loc":{"start":{"line":116,"column":35},"end":{"line":269,"column":1}},"line":116},"17":{"name":"(anonymous_17)","decl":{"start":{"line":119,"column":62},"end":{"line":119,"column":63}},"loc":{"start":{"line":119,"column":74},"end":{"line":121,"column":3}},"line":119},"18":{"name":"(anonymous_18)","decl":{"start":{"line":127,"column":9},"end":{"line":127,"column":10}},"loc":{"start":{"line":127,"column":36},"end":{"line":268,"column":3}},"line":127},"19":{"name":"player_checkJump","decl":{"start":{"line":270,"column":32},"end":{"line":270,"column":48}},"loc":{"start":{"line":270,"column":57},"end":{"line":286,"column":1}},"line":270},"20":{"name":"(anonymous_20)","decl":{"start":{"line":287,"column":22},"end":{"line":287,"column":23}},"loc":{"start":{"line":287,"column":34},"end":{"line":320,"column":1}},"line":287},"21":{"name":"(anonymous_21)","decl":{"start":{"line":290,"column":9},"end":{"line":290,"column":10}},"loc":{"start":{"line":290,"column":27},"end":{"line":319,"column":3}},"line":290},"22":{"name":"(anonymous_22)","decl":{"start":{"line":321,"column":21},"end":{"line":321,"column":22}},"loc":{"start":{"line":321,"column":33},"end":{"line":351,"column":1}},"line":321},"23":{"name":"(anonymous_23)","decl":{"start":{"line":324,"column":9},"end":{"line":324,"column":10}},"loc":{"start":{"line":324,"column":27},"end":{"line":350,"column":3}},"line":324},"24":{"name":"(anonymous_24)","decl":{"start":{"line":352,"column":22},"end":{"line":352,"column":23}},"loc":{"start":{"line":352,"column":34},"end":{"line":382,"column":1}},"line":352},"25":{"name":"(anonymous_25)","decl":{"start":{"line":354,"column":9},"end":{"line":354,"column":10}},"loc":{"start":{"line":354,"column":27},"end":{"line":381,"column":3}},"line":354},"26":{"name":"player_cmdScale","decl":{"start":{"line":383,"column":31},"end":{"line":383,"column":46}},"loc":{"start":{"line":383,"column":55},"end":{"line":391,"column":1}},"line":383},"27":{"name":"player_accelerate","decl":{"start":{"line":392,"column":33},"end":{"line":392,"column":50}},"loc":{"start":{"line":392,"column":86},"end":{"line":403,"column":1}},"line":392},"28":{"name":"(anonymous_28)","decl":{"start":{"line":404,"column":25},"end":{"line":404,"column":26}},"loc":{"start":{"line":404,"column":37},"end":{"line":418,"column":1}},"line":404},"29":{"name":"(anonymous_29)","decl":{"start":{"line":407,"column":9},"end":{"line":407,"column":10}},"loc":{"start":{"line":407,"column":27},"end":{"line":417,"column":3}},"line":407}},"branchMap":{"0":{"loc":{"start":{"line":11,"column":40},"end":{"line":11,"column":142}},"type":"binary-expr","locations":[{"start":{"line":11,"column":40},"end":{"line":11,"column":61}},{"start":{"line":11,"column":65},"end":{"line":11,"column":84}},{"start":{"line":11,"column":88},"end":{"line":11,"column":118}},{"start":{"line":11,"column":122},"end":{"line":11,"column":142}}],"line":11},"1":{"loc":{"start":{"line":13,"column":45},"end":{"line":13,"column":376}},"type":"if","locations":[{"start":{"line":13,"column":45},"end":{"line":13,"column":376}},{"start":{"line":13,"column":45},"end":{"line":13,"column":376}}],"line":13},"2":{"loc":{"start":{"line":13,"column":54},"end":{"line":13,"column":111}},"type":"if","locations":[{"start":{"line":13,"column":54},"end":{"line":13,"column":111}},{"start":{"line":13,"column":54},"end":{"line":13,"column":111}}],"line":13},"3":{"loc":{"start":{"line":13,"column":161},"end":{"line":13,"column":220}},"type":"binary-expr","locations":[{"start":{"line":13,"column":161},"end":{"line":13,"column":175}},{"start":{"line":13,"column":179},"end":{"line":13,"column":192}},{"start":{"line":13,"column":197},"end":{"line":13,"column":219}}],"line":13},"4":{"loc":{"start":{"line":13,"column":222},"end":{"line":13,"column":373}},"type":"cond-expr","locations":[{"start":{"line":13,"column":251},"end":{"line":13,"column":264}},{"start":{"line":13,"column":267},"end":{"line":13,"column":373}}],"line":13},"5":{"loc":{"start":{"line":13,"column":222},"end":{"line":13,"column":248}},"type":"binary-expr","locations":[{"start":{"line":13,"column":222},"end":{"line":13,"column":233}},{"start":{"line":13,"column":237},"end":{"line":13,"column":248}}],"line":13},"6":{"loc":{"start":{"line":13,"column":267},"end":{"line":13,"column":373}},"type":"cond-expr","locations":[{"start":{"line":13,"column":341},"end":{"line":13,"column":364}},{"start":{"line":13,"column":367},"end":{"line":13,"column":373}}],"line":13},"7":{"loc":{"start":{"line":13,"column":267},"end":{"line":13,"column":338}},"type":"binary-expr","locations":[{"start":{"line":13,"column":267},"end":{"line":13,"column":284}},{"start":{"line":13,"column":288},"end":{"line":13,"column":338}}],"line":13},"8":{"loc":{"start":{"line":14,"column":31},"end":{"line":14,"column":143}},"type":"if","locations":[{"start":{"line":14,"column":31},"end":{"line":14,"column":143}},{"start":{"line":14,"column":31},"end":{"line":14,"column":143}}],"line":14},"9":{"loc":{"start":{"line":14,"column":35},"end":{"line":14,"column":120}},"type":"binary-expr","locations":[{"start":{"line":14,"column":35},"end":{"line":14,"column":63}},{"start":{"line":14,"column":67},"end":{"line":14,"column":93}},{"start":{"line":14,"column":97},"end":{"line":14,"column":120}}],"line":14},"10":{"loc":{"start":{"line":15,"column":33},"end":{"line":15,"column":83}},"type":"if","locations":[{"start":{"line":15,"column":33},"end":{"line":15,"column":83}},{"start":{"line":15,"column":33},"end":{"line":15,"column":83}}],"line":15},"11":{"loc":{"start":{"line":16,"column":35},"end":{"line":16,"column":80}},"type":"binary-expr","locations":[{"start":{"line":16,"column":36},"end":{"line":16,"column":45}},{"start":{"line":16,"column":49},"end":{"line":16,"column":61}},{"start":{"line":16,"column":67},"end":{"line":16,"column":79}}],"line":16},"12":{"loc":{"start":{"line":47,"column":2},"end":{"line":50,"column":3}},"type":"if","locations":[{"start":{"line":47,"column":2},"end":{"line":50,"column":3}},{"start":{"line":47,"column":2},"end":{"line":50,"column":3}}],"line":47},"13":{"loc":{"start":{"line":52,"column":2},"end":{"line":58,"column":3}},"type":"if","locations":[{"start":{"line":52,"column":2},"end":{"line":58,"column":3}},{"start":{"line":52,"column":2},"end":{"line":58,"column":3}}],"line":52},"14":{"loc":{"start":{"line":97,"column":6},"end":{"line":99,"column":7}},"type":"if","locations":[{"start":{"line":97,"column":6},"end":{"line":99,"column":7}},{"start":{"line":97,"column":6},"end":{"line":99,"column":7}}],"line":97},"15":{"loc":{"start":{"line":101,"column":6},"end":{"line":103,"column":7}},"type":"if","locations":[{"start":{"line":101,"column":6},"end":{"line":103,"column":7}},{"start":{"line":101,"column":6},"end":{"line":103,"column":7}}],"line":101},"16":{"loc":{"start":{"line":111,"column":11},"end":{"line":111,"column":72}},"type":"binary-expr","locations":[{"start":{"line":111,"column":11},"end":{"line":111,"column":31}},{"start":{"line":111,"column":35},"end":{"line":111,"column":72}}],"line":111},"17":{"loc":{"start":{"line":128,"column":4},"end":{"line":136,"column":5}},"type":"if","locations":[{"start":{"line":128,"column":4},"end":{"line":136,"column":5}},{"start":{"line":128,"column":4},"end":{"line":136,"column":5}}],"line":128},"18":{"loc":{"start":{"line":132,"column":6},"end":{"line":135,"column":7}},"type":"if","locations":[{"start":{"line":132,"column":6},"end":{"line":135,"column":7}},{"start":{"line":132,"column":6},"end":{"line":135,"column":7}}],"line":132},"19":{"loc":{"start":{"line":140,"column":4},"end":{"line":145,"column":5}},"type":"if","locations":[{"start":{"line":140,"column":4},"end":{"line":145,"column":5}},{"start":{"line":140,"column":4},"end":{"line":145,"column":5}}],"line":140},"20":{"loc":{"start":{"line":158,"column":6},"end":{"line":161,"column":7}},"type":"if","locations":[{"start":{"line":158,"column":6},"end":{"line":161,"column":7}},{"start":{"line":158,"column":6},"end":{"line":161,"column":7}}],"line":158},"21":{"loc":{"start":{"line":162,"column":6},"end":{"line":165,"column":7}},"type":"if","locations":[{"start":{"line":162,"column":6},"end":{"line":165,"column":7}},{"start":{"line":162,"column":6},"end":{"line":165,"column":7}}],"line":162},"22":{"loc":{"start":{"line":166,"column":6},"end":{"line":169,"column":7}},"type":"if","locations":[{"start":{"line":166,"column":6},"end":{"line":169,"column":7}},{"start":{"line":166,"column":6},"end":{"line":169,"column":7}}],"line":166},"23":{"loc":{"start":{"line":171,"column":6},"end":{"line":175,"column":7}},"type":"if","locations":[{"start":{"line":171,"column":6},"end":{"line":175,"column":7}},{"start":{"line":171,"column":6},"end":{"line":175,"column":7}}],"line":171},"24":{"loc":{"start":{"line":183,"column":8},"end":{"line":186,"column":9}},"type":"if","locations":[{"start":{"line":183,"column":8},"end":{"line":186,"column":9}},{"start":{"line":183,"column":8},"end":{"line":186,"column":9}}],"line":183},"25":{"loc":{"start":{"line":188,"column":6},"end":{"line":190,"column":7}},"type":"if","locations":[{"start":{"line":188,"column":6},"end":{"line":190,"column":7}},{"start":{"line":188,"column":6},"end":{"line":190,"column":7}}],"line":188},"26":{"loc":{"start":{"line":201,"column":8},"end":{"line":204,"column":9}},"type":"if","locations":[{"start":{"line":201,"column":8},"end":{"line":204,"column":9}},{"start":{"line":201,"column":8},"end":{"line":204,"column":9}}],"line":201},"27":{"loc":{"start":{"line":208,"column":8},"end":{"line":211,"column":9}},"type":"if","locations":[{"start":{"line":208,"column":8},"end":{"line":211,"column":9}},{"start":{"line":208,"column":8},"end":{"line":211,"column":9}}],"line":208},"28":{"loc":{"start":{"line":215,"column":10},"end":{"line":217,"column":11}},"type":"if","locations":[{"start":{"line":215,"column":10},"end":{"line":217,"column":11}},{"start":{"line":215,"column":10},"end":{"line":217,"column":11}}],"line":215},"29":{"loc":{"start":{"line":218,"column":10},"end":{"line":221,"column":11}},"type":"if","locations":[{"start":{"line":218,"column":10},"end":{"line":221,"column":11}},{"start":{"line":218,"column":10},"end":{"line":221,"column":11}}],"line":218},"30":{"loc":{"start":{"line":225,"column":10},"end":{"line":227,"column":11}},"type":"if","locations":[{"start":{"line":225,"column":10},"end":{"line":227,"column":11}},{"start":{"line":225,"column":10},"end":{"line":227,"column":11}}],"line":225},"31":{"loc":{"start":{"line":230,"column":10},"end":{"line":232,"column":11}},"type":"if","locations":[{"start":{"line":230,"column":10},"end":{"line":232,"column":11}},{"start":{"line":230,"column":10},"end":{"line":232,"column":11}}],"line":230},"32":{"loc":{"start":{"line":236,"column":10},"end":{"line":238,"column":11}},"type":"if","locations":[{"start":{"line":236,"column":10},"end":{"line":238,"column":11}},{"start":{"line":236,"column":10},"end":{"line":238,"column":11}}],"line":236},"33":{"loc":{"start":{"line":242,"column":12},"end":{"line":244,"column":13}},"type":"if","locations":[{"start":{"line":242,"column":12},"end":{"line":244,"column":13}},{"start":{"line":242,"column":12},"end":{"line":244,"column":13}}],"line":242},"34":{"loc":{"start":{"line":242,"column":16},"end":{"line":242,"column":34}},"type":"binary-expr","locations":[{"start":{"line":242,"column":16},"end":{"line":242,"column":23}},{"start":{"line":242,"column":27},"end":{"line":242,"column":34}}],"line":242},"35":{"loc":{"start":{"line":245,"column":12},"end":{"line":248,"column":13}},"type":"if","locations":[{"start":{"line":245,"column":12},"end":{"line":248,"column":13}},{"start":{"line":245,"column":12},"end":{"line":248,"column":13}}],"line":245},"36":{"loc":{"start":{"line":258,"column":8},"end":{"line":260,"column":9}},"type":"if","locations":[{"start":{"line":258,"column":8},"end":{"line":260,"column":9}},{"start":{"line":258,"column":8},"end":{"line":260,"column":9}}],"line":258},"37":{"loc":{"start":{"line":264,"column":4},"end":{"line":266,"column":5}},"type":"if","locations":[{"start":{"line":264,"column":4},"end":{"line":266,"column":5}},{"start":{"line":264,"column":4},"end":{"line":266,"column":5}}],"line":264},"38":{"loc":{"start":{"line":271,"column":2},"end":{"line":274,"column":3}},"type":"if","locations":[{"start":{"line":271,"column":2},"end":{"line":274,"column":3}},{"start":{"line":271,"column":2},"end":{"line":274,"column":3}}],"line":271},"39":{"loc":{"start":{"line":277,"column":2},"end":{"line":280,"column":3}},"type":"if","locations":[{"start":{"line":277,"column":2},"end":{"line":280,"column":3}},{"start":{"line":277,"column":2},"end":{"line":280,"column":3}}],"line":277},"40":{"loc":{"start":{"line":291,"column":4},"end":{"line":294,"column":5}},"type":"if","locations":[{"start":{"line":291,"column":4},"end":{"line":294,"column":5}},{"start":{"line":291,"column":4},"end":{"line":294,"column":5}}],"line":291},"41":{"loc":{"start":{"line":315,"column":4},"end":{"line":317,"column":5}},"type":"if","locations":[{"start":{"line":315,"column":4},"end":{"line":317,"column":5}},{"start":{"line":315,"column":4},"end":{"line":317,"column":5}}],"line":315},"42":{"loc":{"start":{"line":315,"column":8},"end":{"line":315,"column":58}},"type":"binary-expr","locations":[{"start":{"line":315,"column":8},"end":{"line":315,"column":31}},{"start":{"line":315,"column":35},"end":{"line":315,"column":58}}],"line":315},"43":{"loc":{"start":{"line":346,"column":4},"end":{"line":348,"column":5}},"type":"if","locations":[{"start":{"line":346,"column":4},"end":{"line":348,"column":5}},{"start":{"line":346,"column":4},"end":{"line":348,"column":5}}],"line":346},"44":{"loc":{"start":{"line":357,"column":4},"end":{"line":359,"column":5}},"type":"if","locations":[{"start":{"line":357,"column":4},"end":{"line":359,"column":5}},{"start":{"line":357,"column":4},"end":{"line":359,"column":5}}],"line":357},"45":{"loc":{"start":{"line":361,"column":4},"end":{"line":365,"column":5}},"type":"if","locations":[{"start":{"line":361,"column":4},"end":{"line":365,"column":5}},{"start":{"line":361,"column":4},"end":{"line":365,"column":5}}],"line":361},"46":{"loc":{"start":{"line":369,"column":4},"end":{"line":372,"column":5}},"type":"if","locations":[{"start":{"line":369,"column":4},"end":{"line":372,"column":5}},{"start":{"line":369,"column":4},"end":{"line":372,"column":5}}],"line":369},"47":{"loc":{"start":{"line":370,"column":20},"end":{"line":370,"column":63}},"type":"cond-expr","locations":[{"start":{"line":370,"column":43},"end":{"line":370,"column":55}},{"start":{"line":370,"column":58},"end":{"line":370,"column":63}}],"line":370},"48":{"loc":{"start":{"line":376,"column":4},"end":{"line":378,"column":5}},"type":"if","locations":[{"start":{"line":376,"column":4},"end":{"line":378,"column":5}},{"start":{"line":376,"column":4},"end":{"line":378,"column":5}}],"line":376},"49":{"loc":{"start":{"line":385,"column":2},"end":{"line":387,"column":3}},"type":"if","locations":[{"start":{"line":385,"column":2},"end":{"line":387,"column":3}},{"start":{"line":385,"column":2},"end":{"line":387,"column":3}}],"line":385},"50":{"loc":{"start":{"line":395,"column":2},"end":{"line":397,"column":3}},"type":"if","locations":[{"start":{"line":395,"column":2},"end":{"line":397,"column":3}},{"start":{"line":395,"column":2},"end":{"line":397,"column":3}}],"line":395},"51":{"loc":{"start":{"line":399,"column":2},"end":{"line":401,"column":3}},"type":"if","locations":[{"start":{"line":399,"column":2},"end":{"line":401,"column":3}},{"start":{"line":399,"column":2},"end":{"line":401,"column":3}}],"line":399},"52":{"loc":{"start":{"line":412,"column":4},"end":{"line":415,"column":5}},"type":"if","locations":[{"start":{"line":412,"column":4},"end":{"line":415,"column":5}},{"start":{"line":412,"column":4},"end":{"line":415,"column":5}}],"line":412}},"s":{"0":1,"1":1,"2":1,"3":0,"4":0,"5":0,"6":0,"7":0,"8":0,"9":0,"10":0,"11":0,"12":0,"13":0,"14":0,"15":0,"16":0,"17":0,"18":0,"19":0,"20":0,"21":0,"22":0,"23":0,"24":0,"25":0,"26":0,"27":0,"28":0,"29":0,"30":0,"31":0,"32":0,"33":0,"34":0,"35":0,"36":0,"37":0,"38":0,"39":0,"40":0,"41":0,"42":0,"43":0,"44":0,"45":0,"46":0,"47":0,"48":0,"49":0,"50":0,"51":0,"52":0,"53":0,"54":0,"55":0,"56":0,"57":0,"58":0,"59":0,"60":0,"61":0,"62":0,"63":0,"64":0,"65":0,"66":0,"67":0,"68":0,"69":0,"70":0,"71":0,"72":0,"73":0,"74":0,"75":0,"76":0,"77":0,"78":0,"79":0,"80":0,"81":0,"82":0,"83":0,"84":0,"85":0,"86":0,"87":0,"88":0,"89":0,"90":0,"91":0,"92":0,"93":0,"94":0,"95":0,"96":0,"97":0,"98":0,"99":0,"100":0,"101":0,"102":0,"103":0,"104":0,"105":0,"106":0,"107":0,"108":0,"109":0,"110":0,"111":0,"112":0,"113":0,"114":0,"115":0,"116":0,"117":0,"118":0,"119":0,"120":0,"121":0,"122":0,"123":0,"124":0,"125":0,"126":0,"127":0,"128":0,"129":0,"130":0,"131":0,"132":0,"133":0,"134":0,"135":0,"136":0,"137":0,"138":0,"139":0,"140":0,"141":0,"142":0,"143":0,"144":0,"145":0,"146":0,"147":0,"148":0,"149":0,"150":0,"151":0,"152":0,"153":0,"154":0,"155":0,"156":0,"157":0,"158":0,"159":0,"160":0,"161":0,"162":0,"163":0,"164":0,"165":0,"166":0,"167":0,"168":0,"169":0,"170":0,"171":0,"172":0,"173":0,"174":0,"175":0,"176":0,"177":0,"178":0,"179":0,"180":0,"181":0,"182":0,"183":0,"184":0,"185":0,"186":0,"187":0,"188":0,"189":0,"190":0,"191":0,"192":0,"193":0,"194":0,"195":0,"196":0,"197":0,"198":0,"199":0,"200":0,"201":0,"202":0,"203":0,"204":0,"205":0,"206":0,"207":0,"208":0,"209":0,"210":0,"211":0,"212":0,"213":0,"214":0,"215":0,"216":0,"217":0,"218":0,"219":0,"220":0,"221":0,"222":0,"223":0,"224":0,"225":0,"226":0,"227":0,"228":0,"229":0,"230":0,"231":0,"232":0,"233":0,"234":0,"235":0,"236":0,"237":0,"238":0,"239":0,"240":0,"241":0,"242":0,"243":0,"244":0,"245":0,"246":0,"247":0,"248":0,"249":0,"250":0,"251":0,"252":0,"253":0,"254":0,"255":0,"256":0,"257":0,"258":0,"259":0,"260":0,"261":0,"262":0,"263":0,"264":0},"f":{"0":0,"1":0,"2":0,"3":0,"4":0,"5":0,"6":0,"7":0,"8":0,"9":0,"10":0,"11":0,"12":0,"13":0,"14":0,"15":0,"16":0,"17":0,"18":0,"19":0,"20":0,"21":0,"22":0,"23":0,"24":0,"25":0,"26":0,"27":0,"28":0,"29":0},"b":{"0":[0,0,0,0],"1":[0,0],"2":[0,0],"3":[0,0,0],"4":[0,0],"5":[0,0],"6":[0,0],"7":[0,0],"8":[0,0],"9":[0,0,0],"10":[0,0],"11":[0,0,0],"12":[0,0],"13":[0,0],"14":[0,0],"15":[0,0],"16":[0,0],"17":[0,0],"18":[0,0],"19":[0,0],"20":[0,0],"21":[0,0],"22":[0,0],"23":[0,0],"24":[0,0],"25":[0,0],"26":[0,0],"27":[0,0],"28":[0,0],"29":[0,0],"30":[0,0],"31":[0,0],"32":[0,0],"33":[0,0],"34":[0,0],"35":[0,0],"36":[0,0],"37":[0,0],"38":[0,0],"39":[0,0],"40":[0,0],"41":[0,0],"42":[0,0],"43":[0,0],"44":[0,0],"45":[0,0],"46":[0,0],"47":[0,0],"48":[0,0],"49":[0,0],"50":[0,0],"51":[0,0],"52":[0,0]},"inputSourceMap":{"version":3,"names":["_audio","require","_box","_physics","_vec","_toConsumableArray","r","_arrayWithoutHoles","_iterableToArray","_unsupportedIterableToArray","_nonIterableSpread","TypeError","a","_arrayLikeToArray","t","toString","call","slice","constructor","name","Array","from","test","Symbol","iterator","isArray","length","e","n","JUMP_VELOCITY","pm_stopspeed","pm_accelerate","pm_airaccelerate","pm_friction","g_speed","g_gravity","player_groundTrace_normal","vec3_clone","vec3_Y","player_create","exports","object","body","scene","undefined","command","vec3_create","dt","gravity","speed","viewForward","viewRight","jump","walking","player_update","player","y","player_checkGround","player_walkMove","player_airMove","trace_create","allsolid","fraction","endpos","normal","trace_copy","b","Object","assign","trace_reset","_trace","trace","body_trace","boxA","box3_create","boxB","sweptBoxA","originalVelocity","velocity","bodies","bodyA","start","end","vec3_subVectors","box3_union","box3_translate","box3_copy","boundingBox","i","bodyB","box3_overlapsBox","parent","position","sweptAABB","vec3_lerpVectors","player_trace","physics_bodies","filter","physics","BODY_BULLET","MAX_CLIP_PLANES","player_slideMove","dir","numplanes","planes","map","clipVelocity","endVelocity","endClipVelocity","pm_clipVelocity","OVERCLIP","time_left","vec3_normalize","bumpcount","numbumps","vec3_addScaledVector","vec3_setScalar","vec3_dot","vec3_add","into","j","vec3_multiplyScalar","vec3_crossVectors","k","player_checkJump","playJump","wishvel","wishdir","player_friction","fmove","z","smove","x","scale","player_cmdScale","wishspeed","vec3_length","player_accelerate","vec","vel","drop","control","newspeed","max","Math","abs","total","accel","currentspeed","addspeed","accelspeed"],"sourceRoot":"/home/oumou/devops-games/TwoShips/src/","sources":["player.js"],"sourcesContent":["import {playJump} from './audio.js';\nimport {\n  box3_copy,\n  box3_create,\n  box3_overlapsBox,\n  box3_translate,\n  box3_union,\n} from './box3.js';\nimport {BODY_BULLET, physics_bodies, sweptAABB} from './physics.js';\nimport {\n  OVERCLIP,\n  pm_clipVelocity,\n  vec3_add,\n  vec3_addScaledVector,\n  vec3_clone,\n  vec3_create,\n  vec3_crossVectors,\n  vec3_dot,\n  vec3_length,\n  vec3_lerpVectors,\n  vec3_multiplyScalar,\n  vec3_normalize,\n  vec3_setScalar,\n  vec3_subVectors,\n  vec3_Y,\n} from './vec3.js';\n\n// bg_local.h\nconst JUMP_VELOCITY = 270;\n\n// movement parameters\nconst pm_stopspeed = 100;\n\nconst pm_accelerate = 10;\nconst pm_airaccelerate = 1;\n\nconst pm_friction = 6;\n\nconst g_speed = 320;\nconst g_gravity = 800;\n\nconst player_groundTrace_normal = vec3_clone(vec3_Y);\n\nexport var player_create = (object, body) => ({\n  object,\n  body,\n\n  scene: undefined,\n\n  // player input\n  command: vec3_create(),\n\n  // run-time variables\n  dt: 0,\n  gravity: g_gravity,\n  speed: g_speed,\n  viewForward: vec3_create(),\n  viewRight: vec3_create(),\n\n  // walk movement\n  jump: 0,\n  walking: false,\n});\n\nexport var player_update = (player) => {\n  if (player.command.y < 10) {\n    // not holding jump\n    player.jump = false;\n  }\n\n  player_checkGround(player);\n\n  if (player.walking) {\n    // walking on ground\n    player_walkMove(player);\n  } else {\n    // airborne\n    player_airMove(player);\n  }\n\n  player_checkGround(player);\n};\n\nexport var trace_create = () => ({\n  allsolid: false,\n  fraction: 1,\n  endpos: vec3_create(),\n  normal: vec3_create(),\n});\n\nconst trace_copy = (a, b) => {\n  a.allsolid = b.allsolid;\n  a.fraction = b.fraction;\n  Object.assign(a.endpos, b.endpos);\n  Object.assign(a.normal, b.normal);\n  return a;\n};\n\nconst trace_reset = (() => {\n  const _trace = trace_create();\n\n  return (trace) => {\n    trace_copy(trace, _trace);\n    return trace;\n  };\n})();\n\nexport var body_trace = (() => {\n  const boxA = box3_create();\n  const boxB = box3_create();\n  const sweptBoxA = box3_create();\n\n  const originalVelocity = vec3_create();\n  const velocity = vec3_create();\n  const _trace = trace_create();\n\n  return (bodies, bodyA, trace, start, end) => {\n    trace_reset(trace);\n\n    Object.assign(originalVelocity, bodyA.velocity);\n    Object.assign(bodyA.velocity, vec3_subVectors(velocity, end, start));\n\n    box3_union(\n        box3_translate(box3_copy(sweptBoxA, bodyA.boundingBox), end),\n        box3_translate(box3_copy(boxA, bodyA.boundingBox), start),\n    );\n\n    for (let i = 0; i < bodies.length; i++) {\n      const bodyB = bodies[i];\n      if (\n        !box3_overlapsBox(\n            sweptBoxA,\n            box3_translate(\n                box3_copy(boxB, bodyB.boundingBox),\n                bodyB.parent.position,\n            ),\n        )\n      ) {\n        continue;\n      }\n\n      sweptAABB(trace_reset(_trace), bodyA, bodyB, boxA, boxB);\n      if (_trace.fraction < trace.fraction) {\n        trace_copy(trace, _trace);\n      }\n    }\n\n    Object.assign(bodyA.velocity, originalVelocity);\n    vec3_lerpVectors(trace.endpos, start, end, trace.fraction);\n  };\n})();\n\nconst player_trace = (player, trace, start, end) => {\n  const bodies = physics_bodies(player.scene).filter(\n      (body) => body !== player.body && body.physics !== BODY_BULLET,\n  );\n  body_trace(bodies, player.body, trace, start, end);\n};\n\nconst MAX_CLIP_PLANES = 5;\n\nconst player_slideMove = (() => {\n  const dir = vec3_create();\n  let numplanes;\n  const planes = [...Array(MAX_CLIP_PLANES)].map(() => vec3_create());\n  const clipVelocity = vec3_create();\n  const trace = trace_create();\n  const end = vec3_create();\n  const endVelocity = vec3_create();\n  const endClipVelocity = vec3_create();\n\n  return (player, gravity) => {\n    if (gravity) {\n      Object.assign(endVelocity, player.body.velocity);\n      endVelocity.y -= player.gravity * player.dt;\n      player.body.velocity.y = (player.body.velocity.y + endVelocity.y) * 0.5;\n      if (player.walking) {\n        // slide along the ground plane\n        pm_clipVelocity(\n            player.body.velocity,\n            player_groundTrace_normal,\n            OVERCLIP,\n        );\n      }\n    }\n\n    let time_left = player.dt;\n\n    // never turn against the ground plane\n    if (player.walking) {\n      numplanes = 1;\n      Object.assign(planes[0], player_groundTrace_normal);\n    } else {\n      numplanes = 0;\n    }\n\n    // never turn against original velocity\n    vec3_normalize(Object.assign(planes[numplanes], player.body.velocity));\n    numplanes++;\n\n    let bumpcount;\n    const numbumps = 4;\n    for (bumpcount = 0; bumpcount < numbumps; bumpcount++) {\n      // calculate position we are trying to move to\n      vec3_addScaledVector(\n          Object.assign(end, player.object.position),\n          player.body.velocity,\n          time_left,\n      );\n\n      // see if we can make it there\n      player_trace(player, trace, player.object.position, end);\n\n      if (trace.allsolid) {\n        player.body.velocity.y = 0;\n        return true;\n      }\n\n      if (trace.fraction > 0) {\n        // actually covered some distance\n        Object.assign(player.object.position, trace.endpos);\n      }\n\n      if (trace.fraction === 1) {\n        // moved the entire distance\n        break;\n      }\n\n      time_left -= time_left * trace.fraction;\n\n      if (numplanes >= MAX_CLIP_PLANES) {\n        // this shouldn't really happen\n        vec3_setScalar(player.body.velocity, 0);\n        return true;\n      }\n\n      //\n      // if this is the same plane we hit before, nudge velocity\n      // out along it, which fixes some epsilon issues with\n      // non-axial planes\n      //\n      for (var i = 0; i < numplanes; i++) {\n        if (vec3_dot(trace.normal, planes[i]) > 0.99) {\n          vec3_add(player.body.velocity, trace.normal);\n          break;\n        }\n      }\n      if (i < numplanes) {\n        continue;\n      }\n\n      Object.assign(planes[numplanes], trace.normal);\n      numplanes++;\n\n      //\n      //  modify velocity so that it parallels all of the clip planes\n      //\n\n      // find a plane that it enters\n      for (i = 0; i < numplanes; i++) {\n        const into = vec3_dot(player.body.velocity, planes[i]);\n        if (into >= 0.1) {\n          // move doesn't interact with the plane\n          continue;\n        }\n\n        // slide along the plane\n        pm_clipVelocity(\n            Object.assign(clipVelocity, player.body.velocity),\n            planes[i],\n            OVERCLIP,\n        );\n\n        if (gravity) {\n          // slide along the plane\n          pm_clipVelocity(\n              Object.assign(endClipVelocity, endVelocity),\n              planes[i],\n              OVERCLIP,\n          );\n        }\n\n        // see if there is a second plane that the new move enters\n        for (let j = 0; j < numplanes; j++) {\n          if (j === i) {\n            continue;\n          }\n\n          if (vec3_dot(clipVelocity, planes[j]) >= 0.1) {\n            // move doesn't interact with the plane\n            continue;\n          }\n\n          // try clipping the move to the plane\n          pm_clipVelocity(clipVelocity, planes[j], OVERCLIP);\n\n          if (gravity) {\n            pm_clipVelocity(endClipVelocity, planes[j], OVERCLIP);\n          }\n\n          // see if it goes back into the first clip plane\n          if (vec3_dot(clipVelocity, planes[i]) >= 0) {\n            continue;\n          }\n\n          // slide the original velocity along the crease\n          vec3_multiplyScalar(\n              Object.assign(\n                  clipVelocity,\n                  vec3_normalize(vec3_crossVectors(dir, planes[i], planes[j])),\n              ),\n              vec3_dot(dir, player.body.velocity),\n          );\n\n          if (gravity) {\n            vec3_multiplyScalar(\n                Object.assign(endClipVelocity, dir),\n                vec3_dot(dir, endVelocity),\n            );\n          }\n\n          // see if there is a third plane that the new move enters\n          for (let k = 0; k < numplanes; k++) {\n            if (k === i || k === j) {\n              continue;\n            }\n\n            if (vec3_dot(clipVelocity, planes[k]) >= 0.1) {\n              // move doesn't interact with the plane\n              continue;\n            }\n\n            // stop dead at a triple plane intersection\n            vec3_setScalar(player.body.velocity, 0);\n            return true;\n          }\n        }\n\n        // if we have fixed all interactions, try another move\n        Object.assign(player.body.velocity, clipVelocity);\n\n        if (gravity) {\n          Object.assign(endVelocity, endClipVelocity);\n        }\n\n        break;\n      }\n    }\n\n    if (gravity) {\n      Object.assign(player.body.velocity, endVelocity);\n    }\n\n    return bumpcount !== 0;\n  };\n})();\n\nconst player_checkJump = (player) => {\n  if (player.command.y < 10) {\n    // not holding jump\n    return false;\n  }\n\n  // must wait for jump to be released\n  if (player.jump) {\n    player.command.y = 0;\n    return false;\n  }\n\n  player.walking = false;\n  player.jump = true;\n\n  player.body.velocity.y = JUMP_VELOCITY;\n  playJump();\n\n  return true;\n};\n\nvar player_walkMove = (() => {\n  const wishvel = vec3_create();\n  const wishdir = vec3_create();\n\n  return (player) => {\n    if (player_checkJump(player)) {\n      player_airMove(player);\n      return;\n    }\n\n    player_friction(player);\n\n    const fmove = player.command.z;\n    const smove = player.command.x;\n\n    const scale = player_cmdScale(player);\n\n    // project moves down to flat plane\n    player.viewForward.y = 0;\n    player.viewRight.y = 0;\n\n    // project the forward and right directions onto the ground plane\n    vec3_addScaledVector(\n        vec3_addScaledVector(\n            vec3_setScalar(wishvel, 0),\n            vec3_normalize(\n                pm_clipVelocity(\n                    player.viewForward,\n                    player_groundTrace_normal,\n                    OVERCLIP,\n                ),\n            ),\n            fmove,\n        ),\n        vec3_normalize(\n            pm_clipVelocity(player.viewRight, player_groundTrace_normal, OVERCLIP),\n        ),\n        smove,\n    );\n\n    let wishspeed = vec3_length(Object.assign(wishdir, wishvel));\n    vec3_normalize(wishdir);\n    wishspeed *= scale;\n\n    player_accelerate(player, wishdir, wishspeed, pm_accelerate);\n\n    // slide along the ground plane\n    pm_clipVelocity(player.body.velocity, player_groundTrace_normal, OVERCLIP);\n\n    // don't do anything if standing still\n    if (!player.body.velocity.x && !player.body.velocity.z) {\n      return;\n    }\n\n    player_slideMove(player, false);\n  };\n})();\n\nvar player_airMove = (() => {\n  const wishvel = vec3_create();\n  const wishdir = vec3_create();\n\n  return (player) => {\n    player_friction(player);\n\n    const fmove = player.command.z;\n    const smove = player.command.x;\n\n    const scale = player_cmdScale(player);\n\n    // project moves down to flat plane\n    player.viewForward.y = 0;\n    player.viewRight.y = 0;\n\n    vec3_addScaledVector(\n        vec3_addScaledVector(\n            vec3_setScalar(wishvel, 0),\n            vec3_normalize(player.viewForward),\n            fmove,\n        ),\n        vec3_normalize(player.viewRight),\n        smove,\n    );\n    wishvel.y = 0;\n\n    Object.assign(wishdir, wishvel);\n    let wishspeed = vec3_length(wishdir);\n    vec3_normalize(wishdir);\n    wishspeed *= scale;\n\n    // not on ground, so little effect on velocity\n    player_accelerate(player, wishdir, wishspeed, pm_airaccelerate);\n\n    // we may have a ground plane that is very steep, even\n    // though we don't have a groundentity\n    // slide along the steep plane\n    if (player.walking) {\n      pm_clipVelocity(\n          player.body.velocity,\n          player_groundTrace_normal,\n          OVERCLIP,\n      );\n    }\n\n    player_slideMove(player, true);\n  };\n})();\n\nvar player_friction = (() => {\n  const vec = vec3_create();\n\n  return (player) => {\n    const vel = player.body.velocity;\n\n    Object.assign(vec, vel);\n    if (player.walking) {\n      vec.y = 0; // ignore slope movement\n    }\n\n    const speed = vec3_length(vec);\n    if (speed < 1) {\n      vel.x = 0;\n      vel.z = 0;\n      return;\n    }\n\n    let drop = 0;\n\n    // apply ground friction\n    if (player.walking) {\n      const control = speed < pm_stopspeed ? pm_stopspeed : speed;\n      drop += control * pm_friction * player.dt;\n    }\n\n    // scale the velocity\n    let newspeed = speed - drop;\n    if (newspeed < 0) {\n      newspeed = 0;\n    }\n    newspeed /= speed;\n\n    vec3_multiplyScalar(vel, newspeed);\n  };\n})();\n\nvar player_cmdScale = (player) => {\n  const max = Math.max(\n      Math.abs(player.command.x),\n      Math.abs(player.command.y),\n      Math.abs(player.command.z),\n  );\n\n  if (!max) {\n    return 0;\n  }\n\n  const total = vec3_length(player.command);\n  const scale = (player.speed * max) / (127 * total);\n\n  return scale;\n};\n\nvar player_accelerate = (player, wishdir, wishspeed, accel) => {\n  const currentspeed = vec3_dot(player.body.velocity, wishdir);\n  const addspeed = wishspeed - currentspeed;\n  if (addspeed <= 0) {\n    return;\n  }\n  let accelspeed = accel * player.dt * wishspeed;\n  if (accelspeed > addspeed) {\n    accelspeed = addspeed;\n  }\n\n  vec3_addScaledVector(player.body.velocity, wishdir, accelspeed);\n};\n\nvar player_checkGround = (() => {\n  const position = vec3_create();\n  const trace = trace_create();\n\n  return (player) => {\n    Object.assign(position, player.object.position);\n    position.y -= 0.25;\n\n    player_trace(player, trace, player.object.position, position);\n    // if the trace didn't hit anything, we are in free fall\n    if (trace.fraction === 1) {\n      player.walking = false;\n      return;\n    }\n\n    player.walking = true;\n  };\n})();\n"],"mappings":";;;;;;AAAA,IAAAA,MAAA,GAAAC,OAAA;AACA,IAAAC,IAAA,GAAAD,OAAA;AAOA,IAAAE,QAAA,GAAAF,OAAA;AACA,IAAAG,IAAA,GAAAH,OAAA;AAgBmB,SAAAI,mBAAAC,CAAA,WAAAC,kBAAA,CAAAD,CAAA,KAAAE,gBAAA,CAAAF,CAAA,KAAAG,2BAAA,CAAAH,CAAA,KAAAI,kBAAA;AAAA,SAAAA,mBAAA,cAAAC,SAAA;AAAA,SAAAF,4BAAAH,CAAA,EAAAM,CAAA,QAAAN,CAAA,2BAAAA,CAAA,SAAAO,iBAAA,CAAAP,CAAA,EAAAM,CAAA,OAAAE,CAAA,MAAAC,QAAA,CAAAC,IAAA,CAAAV,CAAA,EAAAW,KAAA,6BAAAH,CAAA,IAAAR,CAAA,CAAAY,WAAA,KAAAJ,CAAA,GAAAR,CAAA,CAAAY,WAAA,CAAAC,IAAA,aAAAL,CAAA,cAAAA,CAAA,GAAAM,KAAA,CAAAC,IAAA,CAAAf,CAAA,oBAAAQ,CAAA,+CAAAQ,IAAA,CAAAR,CAAA,IAAAD,iBAAA,CAAAP,CAAA,EAAAM,CAAA;AAAA,SAAAJ,iBAAAF,CAAA,8BAAAiB,MAAA,YAAAjB,CAAA,CAAAiB,MAAA,CAAAC,QAAA,aAAAlB,CAAA,uBAAAc,KAAA,CAAAC,IAAA,CAAAf,CAAA;AAAA,SAAAC,mBAAAD,CAAA,QAAAc,KAAA,CAAAK,OAAA,CAAAnB,CAAA,UAAAO,iBAAA,CAAAP,CAAA;AAAA,SAAAO,kBAAAP,CAAA,EAAAM,CAAA,aAAAA,CAAA,IAAAA,CAAA,GAAAN,CAAA,CAAAoB,MAAA,MAAAd,CAAA,GAAAN,CAAA,CAAAoB,MAAA,YAAAC,CAAA,MAAAC,CAAA,GAAAR,KAAA,CAAAR,CAAA,GAAAe,CAAA,GAAAf,CAAA,EAAAe,CAAA,IAAAC,CAAA,CAAAD,CAAA,IAAArB,CAAA,CAAAqB,CAAA,UAAAC,CAAA;AAEnB;AACA,IAAMC,aAAa,GAAG,GAAG;;AAEzB;AACA,IAAMC,YAAY,GAAG,GAAG;AAExB,IAAMC,aAAa,GAAG,EAAE;AACxB,IAAMC,gBAAgB,GAAG,CAAC;AAE1B,IAAMC,WAAW,GAAG,CAAC;AAErB,IAAMC,OAAO,GAAG,GAAG;AACnB,IAAMC,SAAS,GAAG,GAAG;AAErB,IAAMC,yBAAyB,GAAG,IAAAC,eAAU,EAACC,WAAM,CAAC;AAE7C,IAAIC,aAAa,GAAAC,OAAA,CAAAD,aAAA,GAAG,SAAhBA,aAAaA,CAAIE,MAAM,EAAEC,IAAI;EAAA,OAAM;IAC5CD,MAAM,EAANA,MAAM;IACNC,IAAI,EAAJA,IAAI;IAEJC,KAAK,EAAEC,SAAS;IAEhB;IACAC,OAAO,EAAE,IAAAC,gBAAW,EAAC,CAAC;IAEtB;IACAC,EAAE,EAAE,CAAC;IACLC,OAAO,EAAEb,SAAS;IAClBc,KAAK,EAAEf,OAAO;IACdgB,WAAW,EAAE,IAAAJ,gBAAW,EAAC,CAAC;IAC1BK,SAAS,EAAE,IAAAL,gBAAW,EAAC,CAAC;IAExB;IACAM,IAAI,EAAE,CAAC;IACPC,OAAO,EAAE;EACX,CAAC;AAAA,CAAC;AAEK,IAAIC,aAAa,GAAAd,OAAA,CAAAc,aAAA,GAAG,SAAhBA,aAAaA,CAAIC,MAAM,EAAK;EACrC,IAAIA,MAAM,CAACV,OAAO,CAACW,CAAC,GAAG,EAAE,EAAE;IACzB;IACAD,MAAM,CAACH,IAAI,GAAG,KAAK;EACrB;EAEAK,kBAAkB,CAACF,MAAM,CAAC;EAE1B,IAAIA,MAAM,CAACF,OAAO,EAAE;IAClB;IACAK,eAAe,CAACH,MAAM,CAAC;EACzB,CAAC,MAAM;IACL;IACAI,cAAc,CAACJ,MAAM,CAAC;EACxB;EAEAE,kBAAkB,CAACF,MAAM,CAAC;AAC5B,CAAC;AAEM,IAAIK,YAAY,GAAApB,OAAA,CAAAoB,YAAA,GAAG,SAAfA,YAAYA,CAAA;EAAA,OAAU;IAC/BC,QAAQ,EAAE,KAAK;IACfC,QAAQ,EAAE,CAAC;IACXC,MAAM,EAAE,IAAAjB,gBAAW,EAAC,CAAC;IACrBkB,MAAM,EAAE,IAAAlB,gBAAW,EAAC;EACtB,CAAC;AAAA,CAAC;AAEF,IAAMmB,UAAU,GAAG,SAAbA,UAAUA,CAAIrD,CAAC,EAAEsD,CAAC,EAAK;EAC3BtD,CAAC,CAACiD,QAAQ,GAAGK,CAAC,CAACL,QAAQ;EACvBjD,CAAC,CAACkD,QAAQ,GAAGI,CAAC,CAACJ,QAAQ;EACvBK,MAAM,CAACC,MAAM,CAACxD,CAAC,CAACmD,MAAM,EAAEG,CAAC,CAACH,MAAM,CAAC;EACjCI,MAAM,CAACC,MAAM,CAACxD,CAAC,CAACoD,MAAM,EAAEE,CAAC,CAACF,MAAM,CAAC;EACjC,OAAOpD,CAAC;AACV,CAAC;AAED,IAAMyD,WAAW,GAAI,YAAM;EACzB,IAAMC,MAAM,GAAGV,YAAY,CAAC,CAAC;EAE7B,OAAO,UAACW,KAAK,EAAK;IAChBN,UAAU,CAACM,KAAK,EAAED,MAAM,CAAC;IACzB,OAAOC,KAAK;EACd,CAAC;AACH,CAAC,CAAE,CAAC;AAEG,IAAIC,UAAU,GAAAhC,OAAA,CAAAgC,UAAA,GAAI,YAAM;EAC7B,IAAMC,IAAI,GAAG,IAAAC,gBAAW,EAAC,CAAC;EAC1B,IAAMC,IAAI,GAAG,IAAAD,gBAAW,EAAC,CAAC;EAC1B,IAAME,SAAS,GAAG,IAAAF,gBAAW,EAAC,CAAC;EAE/B,IAAMG,gBAAgB,GAAG,IAAA/B,gBAAW,EAAC,CAAC;EACtC,IAAMgC,QAAQ,GAAG,IAAAhC,gBAAW,EAAC,CAAC;EAC9B,IAAMwB,MAAM,GAAGV,YAAY,CAAC,CAAC;EAE7B,OAAO,UAACmB,MAAM,EAAEC,KAAK,EAAET,KAAK,EAAEU,KAAK,EAAEC,GAAG,EAAK;IAC3Cb,WAAW,CAACE,KAAK,CAAC;IAElBJ,MAAM,CAACC,MAAM,CAACS,gBAAgB,EAAEG,KAAK,CAACF,QAAQ,CAAC;IAC/CX,MAAM,CAACC,MAAM,CAACY,KAAK,CAACF,QAAQ,EAAE,IAAAK,oBAAe,EAACL,QAAQ,EAAEI,GAAG,EAAED,KAAK,CAAC,CAAC;IAEpE,IAAAG,eAAU,EACN,IAAAC,mBAAc,EAAC,IAAAC,cAAS,EAACV,SAAS,EAAEI,KAAK,CAACO,WAAW,CAAC,EAAEL,GAAG,CAAC,EAC5D,IAAAG,mBAAc,EAAC,IAAAC,cAAS,EAACb,IAAI,EAAEO,KAAK,CAACO,WAAW,CAAC,EAAEN,KAAK,CAC5D,CAAC;IAED,KAAK,IAAIO,CAAC,GAAG,CAAC,EAAEA,CAAC,GAAGT,MAAM,CAACrD,MAAM,EAAE8D,CAAC,EAAE,EAAE;MACtC,IAAMC,KAAK,GAAGV,MAAM,CAACS,CAAC,CAAC;MACvB,IACE,CAAC,IAAAE,qBAAgB,EACbd,SAAS,EACT,IAAAS,mBAAc,EACV,IAAAC,cAAS,EAACX,IAAI,EAAEc,KAAK,CAACF,WAAW,CAAC,EAClCE,KAAK,CAACE,MAAM,CAACC,QACjB,CACJ,CAAC,EACD;QACA;MACF;MAEA,IAAAC,kBAAS,EAACxB,WAAW,CAACC,MAAM,CAAC,EAAEU,KAAK,EAAES,KAAK,EAAEhB,IAAI,EAAEE,IAAI,CAAC;MACxD,IAAIL,MAAM,CAACR,QAAQ,GAAGS,KAAK,CAACT,QAAQ,EAAE;QACpCG,UAAU,CAACM,KAAK,EAAED,MAAM,CAAC;MAC3B;IACF;IAEAH,MAAM,CAACC,MAAM,CAACY,KAAK,CAACF,QAAQ,EAAED,gBAAgB,CAAC;IAC/C,IAAAiB,qBAAgB,EAACvB,KAAK,CAACR,MAAM,EAAEkB,KAAK,EAAEC,GAAG,EAAEX,KAAK,CAACT,QAAQ,CAAC;EAC5D,CAAC;AACH,CAAC,CAAE,CAAC;AAEJ,IAAMiC,YAAY,GAAG,SAAfA,YAAYA,CAAIxC,MAAM,EAAEgB,KAAK,EAAEU,KAAK,EAAEC,GAAG,EAAK;EAClD,IAAMH,MAAM,GAAG,IAAAiB,uBAAc,EAACzC,MAAM,CAACZ,KAAK,CAAC,CAACsD,MAAM,CAC9C,UAACvD,IAAI;IAAA,OAAKA,IAAI,KAAKa,MAAM,CAACb,IAAI,IAAIA,IAAI,CAACwD,OAAO,KAAKC,oBAAW;EAAA,CAClE,CAAC;EACD3B,UAAU,CAACO,MAAM,EAAExB,MAAM,CAACb,IAAI,EAAE6B,KAAK,EAAEU,KAAK,EAAEC,GAAG,CAAC;AACpD,CAAC;AAED,IAAMkB,eAAe,GAAG,CAAC;AAEzB,IAAMC,gBAAgB,GAAI,YAAM;EAC9B,IAAMC,GAAG,GAAG,IAAAxD,gBAAW,EAAC,CAAC;EACzB,IAAIyD,SAAS;EACb,IAAMC,MAAM,GAAGnG,kBAAA,CAAIe,KAAK,CAACgF,eAAe,CAAC,EAAEK,GAAG,CAAC;IAAA,OAAM,IAAA3D,gBAAW,EAAC,CAAC;EAAA,EAAC;EACnE,IAAM4D,YAAY,GAAG,IAAA5D,gBAAW,EAAC,CAAC;EAClC,IAAMyB,KAAK,GAAGX,YAAY,CAAC,CAAC;EAC5B,IAAMsB,GAAG,GAAG,IAAApC,gBAAW,EAAC,CAAC;EACzB,IAAM6D,WAAW,GAAG,IAAA7D,gBAAW,EAAC,CAAC;EACjC,IAAM8D,eAAe,GAAG,IAAA9D,gBAAW,EAAC,CAAC;EAErC,OAAO,UAACS,MAAM,EAAEP,OAAO,EAAK;IAC1B,IAAIA,OAAO,EAAE;MACXmB,MAAM,CAACC,MAAM,CAACuC,WAAW,EAAEpD,MAAM,CAACb,IAAI,CAACoC,QAAQ,CAAC;MAChD6B,WAAW,CAACnD,CAAC,IAAID,MAAM,CAACP,OAAO,GAAGO,MAAM,CAACR,EAAE;MAC3CQ,MAAM,CAACb,IAAI,CAACoC,QAAQ,CAACtB,CAAC,GAAG,CAACD,MAAM,CAACb,IAAI,CAACoC,QAAQ,CAACtB,CAAC,GAAGmD,WAAW,CAACnD,CAAC,IAAI,GAAG;MACvE,IAAID,MAAM,CAACF,OAAO,EAAE;QAClB;QACA,IAAAwD,oBAAe,EACXtD,MAAM,CAACb,IAAI,CAACoC,QAAQ,EACpB1C,yBAAyB,EACzB0E,aACJ,CAAC;MACH;IACF;IAEA,IAAIC,SAAS,GAAGxD,MAAM,CAACR,EAAE;;IAEzB;IACA,IAAIQ,MAAM,CAACF,OAAO,EAAE;MAClBkD,SAAS,GAAG,CAAC;MACbpC,MAAM,CAACC,MAAM,CAACoC,MAAM,CAAC,CAAC,CAAC,EAAEpE,yBAAyB,CAAC;IACrD,CAAC,MAAM;MACLmE,SAAS,GAAG,CAAC;IACf;;IAEA;IACA,IAAAS,mBAAc,EAAC7C,MAAM,CAACC,MAAM,CAACoC,MAAM,CAACD,SAAS,CAAC,EAAEhD,MAAM,CAACb,IAAI,CAACoC,QAAQ,CAAC,CAAC;IACtEyB,SAAS,EAAE;IAEX,IAAIU,SAAS;IACb,IAAMC,QAAQ,GAAG,CAAC;IAClB,KAAKD,SAAS,GAAG,CAAC,EAAEA,SAAS,GAAGC,QAAQ,EAAED,SAAS,EAAE,EAAE;MACrD;MACA,IAAAE,yBAAoB,EAChBhD,MAAM,CAACC,MAAM,CAACc,GAAG,EAAE3B,MAAM,CAACd,MAAM,CAACmD,QAAQ,CAAC,EAC1CrC,MAAM,CAACb,IAAI,CAACoC,QAAQ,EACpBiC,SACJ,CAAC;;MAED;MACAhB,YAAY,CAACxC,MAAM,EAAEgB,KAAK,EAAEhB,MAAM,CAACd,MAAM,CAACmD,QAAQ,EAAEV,GAAG,CAAC;MAExD,IAAIX,KAAK,CAACV,QAAQ,EAAE;QAClBN,MAAM,CAACb,IAAI,CAACoC,QAAQ,CAACtB,CAAC,GAAG,CAAC;QAC1B,OAAO,IAAI;MACb;MAEA,IAAIe,KAAK,CAACT,QAAQ,GAAG,CAAC,EAAE;QACtB;QACAK,MAAM,CAACC,MAAM,CAACb,MAAM,CAACd,MAAM,CAACmD,QAAQ,EAAErB,KAAK,CAACR,MAAM,CAAC;MACrD;MAEA,IAAIQ,KAAK,CAACT,QAAQ,KAAK,CAAC,EAAE;QACxB;QACA;MACF;MAEAiD,SAAS,IAAIA,SAAS,GAAGxC,KAAK,CAACT,QAAQ;MAEvC,IAAIyC,SAAS,IAAIH,eAAe,EAAE;QAChC;QACA,IAAAgB,mBAAc,EAAC7D,MAAM,CAACb,IAAI,CAACoC,QAAQ,EAAE,CAAC,CAAC;QACvC,OAAO,IAAI;MACb;;MAEA;MACA;MACA;MACA;MACA;MACA,KAAK,IAAIU,CAAC,GAAG,CAAC,EAAEA,CAAC,GAAGe,SAAS,EAAEf,CAAC,EAAE,EAAE;QAClC,IAAI,IAAA6B,aAAQ,EAAC9C,KAAK,CAACP,MAAM,EAAEwC,MAAM,CAAChB,CAAC,CAAC,CAAC,GAAG,IAAI,EAAE;UAC5C,IAAA8B,aAAQ,EAAC/D,MAAM,CAACb,IAAI,CAACoC,QAAQ,EAAEP,KAAK,CAACP,MAAM,CAAC;UAC5C;QACF;MACF;MACA,IAAIwB,CAAC,GAAGe,SAAS,EAAE;QACjB;MACF;MAEApC,MAAM,CAACC,MAAM,CAACoC,MAAM,CAACD,SAAS,CAAC,EAAEhC,KAAK,CAACP,MAAM,CAAC;MAC9CuC,SAAS,EAAE;;MAEX;MACA;MACA;;MAEA;MACA,KAAKf,CAAC,GAAG,CAAC,EAAEA,CAAC,GAAGe,SAAS,EAAEf,CAAC,EAAE,EAAE;QAC9B,IAAM+B,IAAI,GAAG,IAAAF,aAAQ,EAAC9D,MAAM,CAACb,IAAI,CAACoC,QAAQ,EAAE0B,MAAM,CAAChB,CAAC,CAAC,CAAC;QACtD,IAAI+B,IAAI,IAAI,GAAG,EAAE;UACf;UACA;QACF;;QAEA;QACA,IAAAV,oBAAe,EACX1C,MAAM,CAACC,MAAM,CAACsC,YAAY,EAAEnD,MAAM,CAACb,IAAI,CAACoC,QAAQ,CAAC,EACjD0B,MAAM,CAAChB,CAAC,CAAC,EACTsB,aACJ,CAAC;QAED,IAAI9D,OAAO,EAAE;UACX;UACA,IAAA6D,oBAAe,EACX1C,MAAM,CAACC,MAAM,CAACwC,eAAe,EAAED,WAAW,CAAC,EAC3CH,MAAM,CAAChB,CAAC,CAAC,EACTsB,aACJ,CAAC;QACH;;QAEA;QACA,KAAK,IAAIU,CAAC,GAAG,CAAC,EAAEA,CAAC,GAAGjB,SAAS,EAAEiB,CAAC,EAAE,EAAE;UAClC,IAAIA,CAAC,KAAKhC,CAAC,EAAE;YACX;UACF;UAEA,IAAI,IAAA6B,aAAQ,EAACX,YAAY,EAAEF,MAAM,CAACgB,CAAC,CAAC,CAAC,IAAI,GAAG,EAAE;YAC5C;YACA;UACF;;UAEA;UACA,IAAAX,oBAAe,EAACH,YAAY,EAAEF,MAAM,CAACgB,CAAC,CAAC,EAAEV,aAAQ,CAAC;UAElD,IAAI9D,OAAO,EAAE;YACX,IAAA6D,oBAAe,EAACD,eAAe,EAAEJ,MAAM,CAACgB,CAAC,CAAC,EAAEV,aAAQ,CAAC;UACvD;;UAEA;UACA,IAAI,IAAAO,aAAQ,EAACX,YAAY,EAAEF,MAAM,CAAChB,CAAC,CAAC,CAAC,IAAI,CAAC,EAAE;YAC1C;UACF;;UAEA;UACA,IAAAiC,wBAAmB,EACftD,MAAM,CAACC,MAAM,CACTsC,YAAY,EACZ,IAAAM,mBAAc,EAAC,IAAAU,sBAAiB,EAACpB,GAAG,EAAEE,MAAM,CAAChB,CAAC,CAAC,EAAEgB,MAAM,CAACgB,CAAC,CAAC,CAAC,CAC/D,CAAC,EACD,IAAAH,aAAQ,EAACf,GAAG,EAAE/C,MAAM,CAACb,IAAI,CAACoC,QAAQ,CACtC,CAAC;UAED,IAAI9B,OAAO,EAAE;YACX,IAAAyE,wBAAmB,EACftD,MAAM,CAACC,MAAM,CAACwC,eAAe,EAAEN,GAAG,CAAC,EACnC,IAAAe,aAAQ,EAACf,GAAG,EAAEK,WAAW,CAC7B,CAAC;UACH;;UAEA;UACA,KAAK,IAAIgB,CAAC,GAAG,CAAC,EAAEA,CAAC,GAAGpB,SAAS,EAAEoB,CAAC,EAAE,EAAE;YAClC,IAAIA,CAAC,KAAKnC,CAAC,IAAImC,CAAC,KAAKH,CAAC,EAAE;cACtB;YACF;YAEA,IAAI,IAAAH,aAAQ,EAACX,YAAY,EAAEF,MAAM,CAACmB,CAAC,CAAC,CAAC,IAAI,GAAG,EAAE;cAC5C;cACA;YACF;;YAEA;YACA,IAAAP,mBAAc,EAAC7D,MAAM,CAACb,IAAI,CAACoC,QAAQ,EAAE,CAAC,CAAC;YACvC,OAAO,IAAI;UACb;QACF;;QAEA;QACAX,MAAM,CAACC,MAAM,CAACb,MAAM,CAACb,IAAI,CAACoC,QAAQ,EAAE4B,YAAY,CAAC;QAEjD,IAAI1D,OAAO,EAAE;UACXmB,MAAM,CAACC,MAAM,CAACuC,WAAW,EAAEC,eAAe,CAAC;QAC7C;QAEA;MACF;IACF;IAEA,IAAI5D,OAAO,EAAE;MACXmB,MAAM,CAACC,MAAM,CAACb,MAAM,CAACb,IAAI,CAACoC,QAAQ,EAAE6B,WAAW,CAAC;IAClD;IAEA,OAAOM,SAAS,KAAK,CAAC;EACxB,CAAC;AACH,CAAC,CAAE,CAAC;AAEJ,IAAMW,gBAAgB,GAAG,SAAnBA,gBAAgBA,CAAIrE,MAAM,EAAK;EACnC,IAAIA,MAAM,CAACV,OAAO,CAACW,CAAC,GAAG,EAAE,EAAE;IACzB;IACA,OAAO,KAAK;EACd;;EAEA;EACA,IAAID,MAAM,CAACH,IAAI,EAAE;IACfG,MAAM,CAACV,OAAO,CAACW,CAAC,GAAG,CAAC;IACpB,OAAO,KAAK;EACd;EAEAD,MAAM,CAACF,OAAO,GAAG,KAAK;EACtBE,MAAM,CAACH,IAAI,GAAG,IAAI;EAElBG,MAAM,CAACb,IAAI,CAACoC,QAAQ,CAACtB,CAAC,GAAG3B,aAAa;EACtC,IAAAgG,eAAQ,EAAC,CAAC;EAEV,OAAO,IAAI;AACb,CAAC;AAED,IAAInE,eAAe,GAAI,YAAM;EAC3B,IAAMoE,OAAO,GAAG,IAAAhF,gBAAW,EAAC,CAAC;EAC7B,IAAMiF,OAAO,GAAG,IAAAjF,gBAAW,EAAC,CAAC;EAE7B,OAAO,UAACS,MAAM,EAAK;IACjB,IAAIqE,gBAAgB,CAACrE,MAAM,CAAC,EAAE;MAC5BI,cAAc,CAACJ,MAAM,CAAC;MACtB;IACF;IAEAyE,eAAe,CAACzE,MAAM,CAAC;IAEvB,IAAM0E,KAAK,GAAG1E,MAAM,CAACV,OAAO,CAACqF,CAAC;IAC9B,IAAMC,KAAK,GAAG5E,MAAM,CAACV,OAAO,CAACuF,CAAC;IAE9B,IAAMC,KAAK,GAAGC,eAAe,CAAC/E,MAAM,CAAC;;IAErC;IACAA,MAAM,CAACL,WAAW,CAACM,CAAC,GAAG,CAAC;IACxBD,MAAM,CAACJ,SAAS,CAACK,CAAC,GAAG,CAAC;;IAEtB;IACA,IAAA2D,yBAAoB,EAChB,IAAAA,yBAAoB,EAChB,IAAAC,mBAAc,EAACU,OAAO,EAAE,CAAC,CAAC,EAC1B,IAAAd,mBAAc,EACV,IAAAH,oBAAe,EACXtD,MAAM,CAACL,WAAW,EAClBd,yBAAyB,EACzB0E,aACJ,CACJ,CAAC,EACDmB,KACJ,CAAC,EACD,IAAAjB,mBAAc,EACV,IAAAH,oBAAe,EAACtD,MAAM,CAACJ,SAAS,EAAEf,yBAAyB,EAAE0E,aAAQ,CACzE,CAAC,EACDqB,KACJ,CAAC;IAED,IAAII,SAAS,GAAG,IAAAC,gBAAW,EAACrE,MAAM,CAACC,MAAM,CAAC2D,OAAO,EAAED,OAAO,CAAC,CAAC;IAC5D,IAAAd,mBAAc,EAACe,OAAO,CAAC;IACvBQ,SAAS,IAAIF,KAAK;IAElBI,iBAAiB,CAAClF,MAAM,EAAEwE,OAAO,EAAEQ,SAAS,EAAExG,aAAa,CAAC;;IAE5D;IACA,IAAA8E,oBAAe,EAACtD,MAAM,CAACb,IAAI,CAACoC,QAAQ,EAAE1C,yBAAyB,EAAE0E,aAAQ,CAAC;;IAE1E;IACA,IAAI,CAACvD,MAAM,CAACb,IAAI,CAACoC,QAAQ,CAACsD,CAAC,IAAI,CAAC7E,MAAM,CAACb,IAAI,CAACoC,QAAQ,CAACoD,CAAC,EAAE;MACtD;IACF;IAEA7B,gBAAgB,CAAC9C,MAAM,EAAE,KAAK,CAAC;EACjC,CAAC;AACH,CAAC,CAAE,CAAC;AAEJ,IAAII,cAAc,GAAI,YAAM;EAC1B,IAAMmE,OAAO,GAAG,IAAAhF,gBAAW,EAAC,CAAC;EAC7B,IAAMiF,OAAO,GAAG,IAAAjF,gBAAW,EAAC,CAAC;EAE7B,OAAO,UAACS,MAAM,EAAK;IACjByE,eAAe,CAACzE,MAAM,CAAC;IAEvB,IAAM0E,KAAK,GAAG1E,MAAM,CAACV,OAAO,CAACqF,CAAC;IAC9B,IAAMC,KAAK,GAAG5E,MAAM,CAACV,OAAO,CAACuF,CAAC;IAE9B,IAAMC,KAAK,GAAGC,eAAe,CAAC/E,MAAM,CAAC;;IAErC;IACAA,MAAM,CAACL,WAAW,CAACM,CAAC,GAAG,CAAC;IACxBD,MAAM,CAACJ,SAAS,CAACK,CAAC,GAAG,CAAC;IAEtB,IAAA2D,yBAAoB,EAChB,IAAAA,yBAAoB,EAChB,IAAAC,mBAAc,EAACU,OAAO,EAAE,CAAC,CAAC,EAC1B,IAAAd,mBAAc,EAACzD,MAAM,CAACL,WAAW,CAAC,EAClC+E,KACJ,CAAC,EACD,IAAAjB,mBAAc,EAACzD,MAAM,CAACJ,SAAS,CAAC,EAChCgF,KACJ,CAAC;IACDL,OAAO,CAACtE,CAAC,GAAG,CAAC;IAEbW,MAAM,CAACC,MAAM,CAAC2D,OAAO,EAAED,OAAO,CAAC;IAC/B,IAAIS,SAAS,GAAG,IAAAC,gBAAW,EAACT,OAAO,CAAC;IACpC,IAAAf,mBAAc,EAACe,OAAO,CAAC;IACvBQ,SAAS,IAAIF,KAAK;;IAElB;IACAI,iBAAiB,CAAClF,MAAM,EAAEwE,OAAO,EAAEQ,SAAS,EAAEvG,gBAAgB,CAAC;;IAE/D;IACA;IACA;IACA,IAAIuB,MAAM,CAACF,OAAO,EAAE;MAClB,IAAAwD,oBAAe,EACXtD,MAAM,CAACb,IAAI,CAACoC,QAAQ,EACpB1C,yBAAyB,EACzB0E,aACJ,CAAC;IACH;IAEAT,gBAAgB,CAAC9C,MAAM,EAAE,IAAI,CAAC;EAChC,CAAC;AACH,CAAC,CAAE,CAAC;AAEJ,IAAIyE,eAAe,GAAI,YAAM;EAC3B,IAAMU,GAAG,GAAG,IAAA5F,gBAAW,EAAC,CAAC;EAEzB,OAAO,UAACS,MAAM,EAAK;IACjB,IAAMoF,GAAG,GAAGpF,MAAM,CAACb,IAAI,CAACoC,QAAQ;IAEhCX,MAAM,CAACC,MAAM,CAACsE,GAAG,EAAEC,GAAG,CAAC;IACvB,IAAIpF,MAAM,CAACF,OAAO,EAAE;MAClBqF,GAAG,CAAClF,CAAC,GAAG,CAAC,CAAC,CAAC;IACb;IAEA,IAAMP,KAAK,GAAG,IAAAuF,gBAAW,EAACE,GAAG,CAAC;IAC9B,IAAIzF,KAAK,GAAG,CAAC,EAAE;MACb0F,GAAG,CAACP,CAAC,GAAG,CAAC;MACTO,GAAG,CAACT,CAAC,GAAG,CAAC;MACT;IACF;IAEA,IAAIU,IAAI,GAAG,CAAC;;IAEZ;IACA,IAAIrF,MAAM,CAACF,OAAO,EAAE;MAClB,IAAMwF,OAAO,GAAG5F,KAAK,GAAGnB,YAAY,GAAGA,YAAY,GAAGmB,KAAK;MAC3D2F,IAAI,IAAIC,OAAO,GAAG5G,WAAW,GAAGsB,MAAM,CAACR,EAAE;IAC3C;;IAEA;IACA,IAAI+F,QAAQ,GAAG7F,KAAK,GAAG2F,IAAI;IAC3B,IAAIE,QAAQ,GAAG,CAAC,EAAE;MAChBA,QAAQ,GAAG,CAAC;IACd;IACAA,QAAQ,IAAI7F,KAAK;IAEjB,IAAAwE,wBAAmB,EAACkB,GAAG,EAAEG,QAAQ,CAAC;EACpC,CAAC;AACH,CAAC,CAAE,CAAC;AAEJ,IAAIR,eAAe,GAAG,SAAlBA,eAAeA,CAAI/E,MAAM,EAAK;EAChC,IAAMwF,GAAG,GAAGC,IAAI,CAACD,GAAG,CAChBC,IAAI,CAACC,GAAG,CAAC1F,MAAM,CAACV,OAAO,CAACuF,CAAC,CAAC,EAC1BY,IAAI,CAACC,GAAG,CAAC1F,MAAM,CAACV,OAAO,CAACW,CAAC,CAAC,EAC1BwF,IAAI,CAACC,GAAG,CAAC1F,MAAM,CAACV,OAAO,CAACqF,CAAC,CAC7B,CAAC;EAED,IAAI,CAACa,GAAG,EAAE;IACR,OAAO,CAAC;EACV;EAEA,IAAMG,KAAK,GAAG,IAAAV,gBAAW,EAACjF,MAAM,CAACV,OAAO,CAAC;EACzC,IAAMwF,KAAK,GAAI9E,MAAM,CAACN,KAAK,GAAG8F,GAAG,IAAK,GAAG,GAAGG,KAAK,CAAC;EAElD,OAAOb,KAAK;AACd,CAAC;AAED,IAAII,iBAAiB,GAAG,SAApBA,iBAAiBA,CAAIlF,MAAM,EAAEwE,OAAO,EAAEQ,SAAS,EAAEY,KAAK,EAAK;EAC7D,IAAMC,YAAY,GAAG,IAAA/B,aAAQ,EAAC9D,MAAM,CAACb,IAAI,CAACoC,QAAQ,EAAEiD,OAAO,CAAC;EAC5D,IAAMsB,QAAQ,GAAGd,SAAS,GAAGa,YAAY;EACzC,IAAIC,QAAQ,IAAI,CAAC,EAAE;IACjB;EACF;EACA,IAAIC,UAAU,GAAGH,KAAK,GAAG5F,MAAM,CAACR,EAAE,GAAGwF,SAAS;EAC9C,IAAIe,UAAU,GAAGD,QAAQ,EAAE;IACzBC,UAAU,GAAGD,QAAQ;EACvB;EAEA,IAAAlC,yBAAoB,EAAC5D,MAAM,CAACb,IAAI,CAACoC,QAAQ,EAAEiD,OAAO,EAAEuB,UAAU,CAAC;AACjE,CAAC;AAED,IAAI7F,kBAAkB,GAAI,YAAM;EAC9B,IAAMmC,QAAQ,GAAG,IAAA9C,gBAAW,EAAC,CAAC;EAC9B,IAAMyB,KAAK,GAAGX,YAAY,CAAC,CAAC;EAE5B,OAAO,UAACL,MAAM,EAAK;IACjBY,MAAM,CAACC,MAAM,CAACwB,QAAQ,EAAErC,MAAM,CAACd,MAAM,CAACmD,QAAQ,CAAC;IAC/CA,QAAQ,CAACpC,CAAC,IAAI,IAAI;IAElBuC,YAAY,CAACxC,MAAM,EAAEgB,KAAK,EAAEhB,MAAM,CAACd,MAAM,CAACmD,QAAQ,EAAEA,QAAQ,CAAC;IAC7D;IACA,IAAIrB,KAAK,CAACT,QAAQ,KAAK,CAAC,EAAE;MACxBP,MAAM,CAACF,OAAO,GAAG,KAAK;MACtB;IACF;IAEAE,MAAM,CAACF,OAAO,GAAG,IAAI;EACvB,CAAC;AACH,CAAC,CAAE,CAAC","ignoreList":[]},"_coverageSchema":"1a1c01bbd47fc00a2c39e90264f33305004495a9","hash":"7a29bc37306ec9afe9579d1f20d2ee5f438a5775","contentHash":"02647a3008a27f9f7e1258256e0db541fbab9e64ec47fa9af2180dfa6dfe7e39"},"/home/oumou/devops-games/TwoShips/src/audio.js":{"path":"/home/oumou/devops-games/TwoShips/src/audio.js","statementMap":{"0":{"start":{"line":3,"column":0},"end":{"line":5,"column":3}},"1":{"start":{"line":6,"column":0},"end":{"line":6,"column":71}},"2":{"start":{"line":7,"column":12},"end":{"line":7,"column":32}},"3":{"start":{"line":8,"column":203},"end":{"line":8,"column":244}},"4":{"start":{"line":8,"column":250},"end":{"line":8,"column":276}},"5":{"start":{"line":8,"column":282},"end":{"line":8,"column":314}},"6":{"start":{"line":8,"column":349},"end":{"line":8,"column":402}},"7":{"start":{"line":8,"column":408},"end":{"line":8,"column":434}},"8":{"start":{"line":8,"column":436},"end":{"line":8,"column":1795}},"9":{"start":{"line":8,"column":515},"end":{"line":8,"column":516}},"10":{"start":{"line":8,"column":522},"end":{"line":8,"column":529}},"11":{"start":{"line":8,"column":535},"end":{"line":8,"column":537}},"12":{"start":{"line":8,"column":543},"end":{"line":8,"column":651}},"13":{"start":{"line":8,"column":608},"end":{"line":8,"column":647}},"14":{"start":{"line":8,"column":672},"end":{"line":8,"column":1009}},"15":{"start":{"line":8,"column":747},"end":{"line":8,"column":751}},"16":{"start":{"line":8,"column":757},"end":{"line":8,"column":760}},"17":{"start":{"line":8,"column":766},"end":{"line":8,"column":770}},"18":{"start":{"line":8,"column":772},"end":{"line":8,"column":1007}},"19":{"start":{"line":8,"column":1010},"end":{"line":8,"column":1035}},"20":{"start":{"line":8,"column":1026},"end":{"line":8,"column":1035}},"21":{"start":{"line":8,"column":1036},"end":{"line":8,"column":1052}},"22":{"start":{"line":8,"column":1055},"end":{"line":8,"column":1775}},"23":{"start":{"line":8,"column":1083},"end":{"line":8,"column":1142}},"24":{"start":{"line":8,"column":1094},"end":{"line":8,"column":1142}},"25":{"start":{"line":8,"column":1143},"end":{"line":8,"column":1742}},"26":{"start":{"line":8,"column":1217},"end":{"line":8,"column":1287}},"27":{"start":{"line":8,"column":1288},"end":{"line":8,"column":1740}},"28":{"start":{"line":8,"column":1294},"end":{"line":8,"column":1684}},"29":{"start":{"line":8,"column":1310},"end":{"line":8,"column":1613}},"30":{"start":{"line":8,"column":1345},"end":{"line":8,"column":1422}},"31":{"start":{"line":8,"column":1370},"end":{"line":8,"column":1422}},"32":{"start":{"line":8,"column":1423},"end":{"line":8,"column":1445}},"33":{"start":{"line":8,"column":1436},"end":{"line":8,"column":1445}},"34":{"start":{"line":8,"column":1446},"end":{"line":8,"column":1476}},"35":{"start":{"line":8,"column":1484},"end":{"line":8,"column":1613}},"36":{"start":{"line":8,"column":1614},"end":{"line":8,"column":1620}},"37":{"start":{"line":8,"column":1628},"end":{"line":8,"column":1684}},"38":{"start":{"line":8,"column":1678},"end":{"line":8,"column":1684}},"39":{"start":{"line":8,"column":1699},"end":{"line":8,"column":1719}},"40":{"start":{"line":8,"column":1732},"end":{"line":8,"column":1738}},"41":{"start":{"line":8,"column":1743},"end":{"line":8,"column":1772}},"42":{"start":{"line":8,"column":1806},"end":{"line":8,"column":1808}},"43":{"start":{"line":8,"column":1907},"end":{"line":8,"column":1933}},"44":{"start":{"line":8,"column":1942},"end":{"line":8,"column":2031}},"45":{"start":{"line":8,"column":2012},"end":{"line":8,"column":2024}},"46":{"start":{"line":8,"column":2037},"end":{"line":8,"column":2114}},"47":{"start":{"line":8,"column":2132},"end":{"line":8,"column":2344}},"48":{"start":{"line":8,"column":2347},"end":{"line":8,"column":2961}},"49":{"start":{"line":8,"column":2792},"end":{"line":8,"column":2804}},"50":{"start":{"line":8,"column":2858},"end":{"line":8,"column":2886}},"51":{"start":{"line":8,"column":2933},"end":{"line":8,"column":2955}},"52":{"start":{"line":9,"column":51},"end":{"line":9,"column":72}},"53":{"start":{"line":9,"column":74},"end":{"line":9,"column":117}},"54":{"start":{"line":9,"column":80},"end":{"line":9,"column":94}},"55":{"start":{"line":9,"column":109},"end":{"line":9,"column":115}},"56":{"start":{"line":9,"column":118},"end":{"line":9,"column":451}},"57":{"start":{"line":9,"column":201},"end":{"line":9,"column":275}},"58":{"start":{"line":9,"column":242},"end":{"line":9,"column":271}},"59":{"start":{"line":9,"column":278},"end":{"line":9,"column":415}},"60":{"start":{"line":10,"column":51},"end":{"line":10,"column":120}},"61":{"start":{"line":10,"column":65},"end":{"line":10,"column":72}},"62":{"start":{"line":10,"column":78},"end":{"line":10,"column":85}},"63":{"start":{"line":10,"column":101},"end":{"line":10,"column":118}},"64":{"start":{"line":10,"column":121},"end":{"line":10,"column":167}},"65":{"start":{"line":11,"column":32},"end":{"line":11,"column":319}},"66":{"start":{"line":11,"column":61},"end":{"line":11,"column":65}},"67":{"start":{"line":11,"column":71},"end":{"line":11,"column":80}},"68":{"start":{"line":11,"column":82},"end":{"line":11,"column":316}},"69":{"start":{"line":11,"column":127},"end":{"line":11,"column":140}},"70":{"start":{"line":11,"column":162},"end":{"line":11,"column":216}},"71":{"start":{"line":11,"colu
[...]
5":0,"186":0,"187":0,"188":0,"189":0,"190":0,"191":0,"192":0,"193":0,"194":0},"f":{"0":0,"1":0,"2":0,"3":0,"4":0,"5":0,"6":0,"7":0,"8":0,"9":0,"10":0,"11":0,"12":0,"13":0,"14":0,"15":0,"16":0,"17":0,"18":0,"19":0,"20":0,"21":0,"22":0,"23":0,"24":0,"25":0,"26":0,"27":0,"28":0,"29":0,"30":0,"31":0,"32":0,"33":0,"34":0,"35":0,"36":0,"37":0,"38":0,"39":0,"40":0,"41":0,"42":0,"43":0,"44":0,"45":0,"46":0,"47":0,"48":0,"49":0,"50":0,"51":0,"52":0,"53":0,"54":0,"55":0,"56":0,"57":0,"58":0,"59":0,"60":0,"61":0,"62":0,"63":0,"64":0,"65":0,"66":0},"b":{"0":[0,0],"1":[0,0],"2":[0,0],"3":[0,0],"4":[0,0],"5":[0,0],"6":[0,0,0,0],"7":[0,0],"8":[0,0],"9":[0,0],"10":[0,0],"11":[0,0],"12":[0,0],"13":[0,0,0],"14":[0,0,0],"15":[0,0],"16":[0,0],"17":[0,0],"18":[0,0,0],"19":[0,0],"20":[0,0],"21":[0,0],"22":[0,0],"23":[0,0],"24":[0,0],"25":[0,0],"26":[0,0],"27":[0,0],"28":[0,0],"29":[0,0],"30":[0,0],"31":[0,0,0],"32":[0,0],"33":[0,0],"34":[0,0],"35":[0,0],"36":[0,0],"37":[0,0],"38":[0,0],"39":[0,0],"40":[0,0],"41":[0,0],"42":[0,0],"43":[0,0],"44":[0,0],"45":[0,0],"46":[0,0],"47":[0,0],"48":[0,0],"49":[0,0],"50":[0,0,0]},"inputSourceMap":{"version":3,"names":["_math","require","_regenerator","e","t","r","Symbol","n","iterator","o","toStringTag","i","c","prototype","Generator","u","Object","create","_regeneratorDefine2","f","p","y","G","v","a","d","bind","length","l","TypeError","call","done","value","GeneratorFunction","GeneratorFunctionPrototype","getPrototypeOf","setPrototypeOf","__proto__","displayName","w","m","defineProperty","_regeneratorDefine","_invoke","enumerable","configurable","writable","asyncGeneratorStep","Promise","resolve","then","_asyncToGenerator","arguments","apply","_next","_throw","audioContext","AudioContext","sampleRate","toFreq","note","Math","pow","playSound","buffer","destination","undefined","source","AudioBufferSourceNode","connect","start","generateAudioBuffer","fn","duration","volume","AudioBuffer","channel","getChannelData","generateNotes","Proxy","get","target","property","sound","sin","PI","saw","tri","square","decay","exp","noise","lastOut","white","randFloatSpread","add","b","af","bf","mul","scale","fnf","slide","pitchJump","pitchJumpTime","adsr","attack","sustain","release","sustainVolume","wet","GainNode","gain","dry","convolver","ConvolverNode","_callee","preDelay","offlineContext","gainNode","offlineBufferSource","_context","OfflineAudioContext","setValueAtTime","exponentialRampToValueAtTime","startRendering","play","shoot","playShoot","exports","jump","playJump","enemyDeath","playEnemyDeath","addEventListener","resume","once"],"sourceRoot":"/home/oumou/devops-games/TwoShips/src/","sources":["audio.js"],"sourcesContent":["import {randFloatSpread} from './math.js';\n\nconst audioContext = new AudioContext();\nconst {sampleRate} = audioContext;\n\n// A4 is 69.\nconst toFreq = (note) => 2 ** ((note - 69) / 12) * 440;\n\nconst playSound = (buffer, destination = audioContext.destination) => {\n  const source = new AudioBufferSourceNode(audioContext, {buffer});\n  source.connect(destination);\n  source.start();\n};\n\nconst generateAudioBuffer = (fn, duration, volume) => {\n  const length = duration * sampleRate;\n\n  const buffer = new AudioBuffer({length, sampleRate});\n  const channel = buffer.getChannelData(0);\n  for (let i = 0; i < length; i++) {\n    channel[i] = fn(i / sampleRate, i, channel) * volume;\n  }\n\n  return buffer;\n};\n\nconst generateNotes = (fn, duration, volume) =>\n  new Proxy(\n      {},\n      {\n        get(target, property) {\n          const sound =\n          target[property] ||\n          generateAudioBuffer(fn(toFreq(property)), duration, volume);\n          target[property] = sound;\n          return sound;\n        },\n      },\n  );\n\n// Oscillators\n// f: frequency, t: parameter.\nconst sin = (f) => (t) => Math.sin(t * 2 * Math.PI * f);\n\nconst saw = (f) => (t) => {\n  const n = ((t % (1 / f)) * f) % 1;\n  return -1 + 2 * n;\n};\n\nconst tri = (f) => (t) => {\n  const n = ((t % (1 / f)) * f) % 1;\n  return n < 0.5 ? -1 + 2 * (2 * n) : 1 - 2 * (2 * n);\n};\n\nconst square = (f) => (t) => {\n  const n = ((t % (1 / f)) * f) % 1;\n  return n > 0.5 ? 1 : -1;\n};\n\nconst decay = (d) => () => (t) => Math.exp(-t * d);\n\n// Brown noise.\n// https://github.com/Tonejs/Tone.js/blob/dev/Tone/source/Noise.ts\nconst noise = () => {\n  let lastOut = 0;\n\n  return () => {\n    const white = randFloatSpread(1);\n    const value = (lastOut + 0.02 * white) / 1.02;\n    lastOut = value;\n    return value * 3.5;\n  };\n};\n\n// Operators.\nconst add = (a, b) => (f) => {\n  const af = a(f);\n  const bf = b(f);\n\n  return (t, i, a) => af(t, i, a) + bf(t, i, a);\n};\n\nconst mul = (a, b) => (f) => {\n  const af = a(f);\n  const bf = b(f);\n\n  return (t, i, a) => af(t, i, a) * bf(t, i, a);\n};\n\nconst scale = (fn, n) => (f) => {\n  const fnf = fn(f);\n  return (t, i, a) => n * fnf(t, i, a);\n};\n\nconst slide = (fn, slide) => (f) => (t, i, a) =>\n  fn(f + (i / a.length) * slide)(t, i, a);\n\nconst pitchJump = (fn, pitchJump, pitchJumpTime) => (f) => (t, i, a) =>\n  fn(f + (t > pitchJumpTime ? pitchJump : 0))(t, i, a);\n\nconst adsr = (attack, decay, sustain, release, sustainVolume) => {\n  const length = attack + decay + sustain + release;\n\n  return () => (t) => {\n    if (t < attack) {\n      return t / attack;\n    }\n\n    if (t < attack + decay) {\n      return 1 - ((t - attack) / decay) * (1 - sustainVolume);\n    }\n\n    if (t < length - release) {\n      return sustainVolume;\n    }\n\n    if (t < length) {\n      return ((length - t) / release) * sustainVolume;\n    }\n\n    return 0;\n  };\n};\n\n// Reverb\nconst wet = new GainNode(audioContext, {gain: 0.3});\nconst dry = new GainNode(audioContext, {gain: 1 - wet.gain.value});\nconst convolver = new ConvolverNode(audioContext);\nconst destination = new GainNode(audioContext);\n\ndestination.connect(dry).connect(audioContext.destination);\ndestination.connect(convolver).connect(wet).connect(audioContext.destination);\n\n// https://github.com/Tonejs/Tone.js/blob/dev/Tone/effect/Reverb.ts\n(async () => {\n  const decay = 1.5;\n  const preDelay = 0.01;\n  const duration = decay + preDelay;\n\n  const offlineContext = new OfflineAudioContext(\n      1,\n      duration * sampleRate,\n      sampleRate,\n  );\n\n  const gainNode = new GainNode(offlineContext, {gain: 0});\n  gainNode.gain\n      .setValueAtTime(1, preDelay)\n      .exponentialRampToValueAtTime(0.01, duration);\n\n  const offlineBufferSource = new AudioBufferSourceNode(offlineContext, {\n    buffer: generateAudioBuffer(noise(), duration, 1),\n  });\n\n  offlineBufferSource.connect(gainNode).connect(offlineContext.destination);\n  offlineBufferSource.start();\n\n  convolver.buffer = await offlineContext.startRendering();\n})();\n\nconst play = (sound) => playSound(sound, destination);\n\nconst shoot = generateNotes(mul(mul(saw, noise), decay(24)), 0.5, 1);\nexport var playShoot = () => play(shoot[16]);\n\nconst jump = generateNotes(\n    mul(\n        mul(square, pitchJump(square, toFreq(36) - toFreq(31), 0.1)),\n        adsr(0.003, 0.05, 0.01, 0.03, 0.5),\n    ),\n    0.3,\n    0.2,\n);\nexport var playJump = () => play(jump[31]);\n\nconst enemyDeath = generateNotes(\n    mul(\n        mul(saw, pitchJump(square, toFreq(27) - toFreq(15), 0.1)),\n        adsr(0.001, 0.3, 0.4, 0.3, 0.7),\n    ),\n    1,\n    0.4,\n);\nexport var playEnemyDeath = () => play(enemyDeath[15]);\n\n\naddEventListener('click', () => audioContext.resume(), {once: true});\n"],"mappings":";;;;;;AAAA,IAAAA,KAAA,GAAAC,OAAA;AAA0C,SAAAC,aAAA,IAC1C,uKAAAC,CAAA,EAAAC,CAAA,EAAAC,CAAA,wBAAAC,MAAA,GAAAA,MAAA,OAAAC,CAAA,GAAAF,CAAA,CAAAG,QAAA,kBAAAC,CAAA,GAAAJ,CAAA,CAAAK,WAAA,8BAAAC,EAAAN,CAAA,EAAAE,CAAA,EAAAE,CAAA,EAAAE,CAAA,QAAAC,CAAA,GAAAL,CAAA,IAAAA,CAAA,CAAAM,SAAA,YAAAC,SAAA,GAAAP,CAAA,GAAAO,SAAA,EAAAC,CAAA,GAAAC,MAAA,CAAAC,MAAA,CAAAL,CAAA,CAAAC,SAAA,UAAAK,mBAAA,CAAAH,CAAA,uBAAAV,CAAA,EAAAE,CAAA,EAAAE,CAAA,QAAAE,CAAA,EAAAC,CAAA,EAAAG,CAAA,EAAAI,CAAA,MAAAC,CAAA,GAAAX,CAAA,QAAAY,CAAA,OAAAC,CAAA,KAAAF,CAAA,KAAAb,CAAA,KAAAgB,CAAA,EAAApB,CAAA,EAAAqB,CAAA,EAAAC,CAAA,EAAAN,CAAA,EAAAM,CAAA,CAAAC,IAAA,CAAAvB,CAAA,MAAAsB,CAAA,WAAAA,EAAArB,CAAA,EAAAC,CAAA,WAAAM,CAAA,GAAAP,CAAA,EAAAQ,CAAA,MAAAG,CAAA,GAAAZ,CAAA,EAAAmB,CAAA,CAAAf,CAAA,GAAAF,CAAA,EAAAmB,CAAA,gBAAAC,EAAApB,CAAA,EAAAE,CAAA,SAAAK,CAAA,GAAAP,CAAA,EAAAU,CAAA,GAAAR,CAAA,EAAAH,CAAA,OAAAiB,CAAA,IAAAF,CAAA,KAAAV,CAAA,IAAAL,CAAA,GAAAgB,CAAA,CAAAO,MAAA,EAAAvB,CAAA,UAAAK,CAAA,EAAAE,CAAA,GAAAS,CAAA,CAAAhB,CAAA,GAAAqB,CAAA,GAAAH,CAAA,CAAAF,CAAA,EAAAQ,CAAA,GAAAjB,CAAA,KAAAN,CAAA,QAAAI,CAAA,GAAAmB,CAAA,KAAArB,CAAA,MAAAQ,CAAA,GAAAJ,CAAA,EAAAC,CAAA,GAAAD,CAAA,YAAAC,CAAA,WAAAD,CAAA,MAAAA,CAAA,MAAAR,CAAA,IAAAQ,CAAA,OAAAc,CAAA,MAAAhB,CAAA,GAAAJ,CAAA,QAAAoB,CAAA,GAAAd,CAAA,QAAAC,CAAA,MAAAU,CAAA,CAAAC,CAAA,GAAAhB,CAAA,EAAAe,CAAA,CAAAf,CAAA,GAAAI,CAAA,OAAAc,CAAA,GAAAG,CAAA,KAAAnB,CAAA,GAAAJ,CAAA,QAAAM,CAAA,MAAAJ,CAAA,IAAAA,CAAA,GAAAqB,CAAA,MAAAjB,CAAA,MAAAN,CAAA,EAAAM,CAAA,MAAAJ,CAAA,EAAAe,CAAA,CAAAf,CAAA,GAAAqB,CAAA,EAAAhB,CAAA,cAAAH,CAAA,IAAAJ,CAAA,aAAAmB,CAAA,QAAAH,CAAA,OAAAd,CAAA,qBAAAE,CAAA,EAAAW,CAAA,EAAAQ,CAAA,QAAAT,CAAA,YAAAU,SAAA,uCAAAR,CAAA,UAAAD,CAAA,IAAAK,CAAA,CAAAL,CAAA,EAAAQ,CAAA,GAAAhB,CAAA,GAAAQ,CAAA,EAAAL,CAAA,GAAAa,CAAA,GAAAxB,CAAA,GAAAQ,CAAA,OAAAT,CAAA,GAAAY,CAAA,MAAAM,CAAA,KAAAV,CAAA,KAAAC,CAAA,GAAAA,CAAA,QAAAA,CAAA,SAAAU,CAAA,CAAAf,CAAA,QAAAkB,CAAA,CAAAb,CAAA,EAAAG,CAAA,KAAAO,CAAA,CAAAf,CAAA,GAAAQ,CAAA,GAAAO,CAAA,CAAAC,CAAA,GAAAR,CAAA,aAAAI,CAAA,MAAAR,CAAA,QAAAC,CAAA,KAAAH,CAAA,YAAAL,CAAA,GAAAO,CAAA,CAAAF,CAAA,WAAAL,CAAA,GAAAA,CAAA,CAAA0B,IAAA,CAAAnB,CAAA,EAAAI,CAAA,UAAAc,SAAA,2CAAAzB,CAAA,CAAA2B,IAAA,SAAA3B,CAAA,EAAAW,CAAA,GAAAX,CAAA,CAAA4B,KAAA,EAAApB,CAAA,SAAAA,CAAA,oBAAAA,CAAA,KAAAR,CAAA,GAAAO,CAAA,eAAAP,CAAA,CAAA0B,IAAA,CAAAnB,CAAA,GAAAC,CAAA,SAAAG,CAAA,GAAAc,SAAA,uCAAApB,CAAA,gBAAAG,CAAA,OAAAD,CAAA,GAAAR,CAAA,cAAAC,CAAA,IAAAiB,CAAA,GAAAC,CAAA,CAAAf,CAAA,QAAAQ,CAAA,GAAAV,CAAA,CAAAyB,IAAA,CAAAvB,CAAA,EAAAe,CAAA,OAAAE,CAAA,kBAAApB,CAAA,IAAAO,CAAA,GAAAR,CAAA,EAAAS,CAAA,MAAAG,CAAA,GAAAX,CAAA,cAAAe,CAAA,mBAAAa,KAAA,EAAA5B,CAAA,EAAA2B,IAAA,EAAAV,CAAA,SAAAhB,CAAA,EAAAI,CAAA,EAAAE,CAAA,QAAAI,CAAA,QAAAS,CAAA,gBAAAV,UAAA,cAAAmB,kBAAA,cAAAC,2BAAA,KAAA9B,CAAA,GAAAY,MAAA,CAAAmB,cAAA,MAAAvB,CAAA,MAAAL,CAAA,IAAAH,CAAA,CAAAA,CAAA,IAAAG,CAAA,SAAAW,mBAAA,CAAAd,CAAA,OAAAG,CAAA,iCAAAH,CAAA,GAAAW,CAAA,GAAAmB,0BAAA,CAAArB,SAAA,GAAAC,SAAA,CAAAD,SAAA,GAAAG,MAAA,CAAAC,MAAA,CAAAL,CAAA,YAAAO,EAAAhB,CAAA,WAAAa,MAAA,CAAAoB,cAAA,GAAApB,MAAA,CAAAoB,cAAA,CAAAjC,CAAA,EAAA+B,0BAAA,KAAA/B,CAAA,CAAAkC,SAAA,GAAAH,0BAAA,EAAAhB,mBAAA,CAAAf,CAAA,EAAAM,CAAA,yBAAAN,CAAA,CAAAU,SAAA,GAAAG,MAAA,CAAAC,MAAA,CAAAF,CAAA,GAAAZ,CAAA,WAAA8B,iBAAA,CAAApB,SAAA,GAAAqB,0BAAA,EAAAhB,mBAAA,CAAAH,CAAA,iBAAAmB,0BAAA,GAAAhB,mBAAA,CAAAgB,0BAAA,iBAAAD,iBAAA,GAAAA,iBAAA,CAAAK,WAAA,wBAAApB,mBAAA,CAAAgB,0BAAA,EAAAzB,CAAA,wBAAAS,mBAAA,CAAAH,CAAA,GAAAG,mBAAA,CAAAH,CAAA,EAAAN,CAAA,gBAAAS,mBAAA,CAAAH,CAAA,EAAAR,CAAA,iCAAAW,mBAAA,CAAAH,CAAA,8DAAAb,YAAA,YAAAA,aAAA,aAAAqC,CAAA,EAAA5B,CAAA,EAAA6B,CAAA,EAAArB,CAAA;AAAA,SAAAD,oBAAAf,CAAA,EAAAE,CAAA,EAAAE,CAAA,EAAAH,CAAA,QAAAO,CAAA,GAAAK,MAAA,CAAAyB,cAAA,QAAA9B,CAAA,uBAAAR,CAAA,IAAAQ,CAAA,QAAAO,mBAAA,YAAAwB,mBAAAvC,CAAA,EAAAE,CAAA,EAAAE,CAAA,EAAAH,CAAA,aAAAK,EAAAJ,CAAA,EAAAE,CAAA,IAAAW,mBAAA,CAAAf,CAAA,EAAAE,CAAA,YAAAF,CAAA,gBAAAwC,OAAA,CAAAtC,CAAA,EAAAE,CAAA,EAAAJ,CAAA,SAAAE,CAAA,GAAAM,CAAA,GAAAA,CAAA,CAAAR,CAAA,EAAAE,CAAA,IAAA2B,KAAA,EAAAzB,CAAA,EAAAqC,UAAA,GAAAxC,CAAA,EAAAyC,YAAA,GAAAzC,CAAA,EAAA0C,QAAA,GAAA1C,CAAA,MAAAD,CAAA,CAAAE,CAAA,IAAAE,CAAA,IAAAE,CAAA,aAAAA,CAAA,cAAAA,CAAA,mBAAAS,mBAAA,CAAAf,CAAA,EAAAE,CAAA,EAAAE,CAAA,EAAAH,CAAA;AAAA,SAAA2C,mBAAAxC,CAAA,EAAAH,CAAA,EAAAD,CAAA,EAAAE,CAAA,EAAAI,CAAA,EAAAe,CAAA,EAAAZ,CAAA,cAAAD,CAAA,GAAAJ,CAAA,CAAAiB,CAAA,EAAAZ,CAAA,GAAAG,CAAA,GAAAJ,CAAA,CAAAqB,KAAA,WAAAzB,CAAA,gBAAAJ,CAAA,CAAAI,CAAA,KAAAI,CAAA,CAAAoB,IAAA,GAAA3B,CAAA,CAAAW,CAAA,IAAAiC,OAAA,CAAAC,OAAA,CAAAlC,CAAA,EAAAmC,IAAA,CAAA7C,CAAA,EAAAI,CAAA;AAAA,SAAA0C,kBAAA5C,CAAA,6BAAAH,CAAA,SAAAD,CAAA,GAAAiD,SAAA,aAAAJ,OAAA,WAAA3C,CAAA,EAAAI,CAAA,QAAAe,CAAA,GAAAjB,CAAA,CAAA8C,KAAA,CAAAjD,CAAA,EAAAD,CAAA,YAAAmD,MAAA/C,CAAA,IAAAwC,kBAAA,CAAAvB,CAAA,EAAAnB,CAAA,EAAAI,CAAA,EAAA6C,KAAA,EAAAC,MAAA,UAAAhD,CAAA,cAAAgD,OAAAhD,CAAA,IAAAwC,kBAAA,CAAAvB,CAAA,EAAAnB,CAAA,EAAAI,CAAA,EAAA6C,KAAA,EAAAC,MAAA,WAAAhD,CAAA,KAAA+C,KAAA;AACA,IAAME,YAAY,GAAG,IAAIC,YAAY,CAAC,CAAC;AACvC,IAAOC,UAAU,GAAIF,YAAY,CAA1BE,UAAU;;AAEjB;AACA,IAAMC,MAAM,GAAG,SAATA,MAAMA,CAAIC,IAAI;EAAA,OAAKC,IAAA,CAAAC,GAAA,EAAC,EAAK,CAACF,IAAI,GAAG,EAAE,IAAI,EAAE,IAAI,GAAG;AAAA;AAEtD,IAAMG,SAAS,GAAG,SAAZA,SAASA,CAAIC,MAAM,EAA6C;EAAA,IAA3CC,WAAW,GAAAb,SAAA,CAAAzB,MAAA,QAAAyB,SAAA,QAAAc,SAAA,GAAAd,SAAA,MAAGI,YAAY,CAACS,WAAW;EAC/D,IAAME,MAAM,GAAG,IAAIC,qBAAqB,CAACZ,YAAY,EAAE;IAACQ,MAAM,EAANA;EAAM,CAAC,CAAC;EAChEG,MAAM,CAACE,OAAO,CAACJ,WAAW,CAAC;EAC3BE,MAAM,CAACG,KAAK,CAAC,CAAC;AAChB,CAAC;AAED,IAAMC,mBAAmB,GAAG,SAAtBA,mBAAmBA,CAAIC,EAAE,EAAEC,QAAQ,EAAEC,MAAM,EAAK;EACpD,IAAM/C,MAAM,GAAG8C,QAAQ,GAAGf,UAAU;EAEpC,IAAMM,MAAM,GAAG,IAAIW,WAAW,CAAC;IAAChD,MAAM,EAANA,MAAM;IAAE+B,UAAU,EAAVA;EAAU,CAAC,CAAC;EACpD,IAAMkB,OAAO,GAAGZ,MAAM,CAACa,cAAc,CAAC,CAAC,CAAC;EACxC,KAAK,IAAIlE,CAAC,GAAG,CAAC,EAAEA,CAAC,GAAGgB,MAAM,EAAEhB,CAAC,EAAE,EAAE;IAC/BiE,OAAO,CAACjE,CAAC,CAAC,GAAG6D,EAAE,CAAC7D,CAAC,GAAG+C,UAAU,EAAE/C,CAAC,EAAEiE,OAAO,CAAC,GAAGF,MAAM;EACtD;EAEA,OAAOV,MAAM;AACf,CAAC;AAED,IAAMc,aAAa,GAAG,SAAhBA,aAAaA,CAAIN,EAAE,EAAEC,QAAQ,EAAEC,MAAM;EAAA,OACzC,IAAIK,KAAK,CACL,CAAC,CAAC,EACF;IACEC,GAAG,WAAHA,GAAGA,CAACC,MAAM,EAAEC,QAAQ,EAAE;MACpB,IAAMC,KAAK,GACXF,MAAM,CAACC,QAAQ,CAAC,IAChBX,mBAAmB,CAACC,EAAE,CAACb,MAAM,CAACuB,QAAQ,CAAC,CAAC,EAAET,QAAQ,EAAEC,MAAM,CAAC;MAC3DO,MAAM,CAACC,QAAQ,CAAC,GAAGC,KAAK;MACxB,OAAOA,KAAK;IACd;EACF,CACJ,CAAC;AAAA;;AAEH;AACA;AACA,IAAMC,GAAG,GAAG,SAANA,GAAGA,CAAIjE,CAAC;EAAA,OAAK,UAACf,CAAC;IAAA,OAAKyD,IAAI,CAACuB,GAAG,CAAChF,CAAC,GAAG,CAAC,GAAGyD,IAAI,CAACwB,EAAE,GAAGlE,CAAC,CAAC;EAAA;AAAA;AAEvD,IAAMmE,GAAG,GAAG,SAANA,GAAGA,CAAInE,CAAC;EAAA,OAAK,UAACf,CAAC,EAAK;IACxB,IAAMG,CAAC,GAAKH,CAAC,IAAI,CAAC,GAAGe,CAAC,CAAC,GAAIA,CAAC,GAAI,CAAC;IACjC,OAAO,CAAC,CAAC,GAAG,CAAC,GAAGZ,CAAC;EACnB,CAAC;AAAA;AAED,IAAMgF,GAAG,GAAG,SAANA,GAAGA,CAAIpE,CAAC;EAAA,OAAK,UAACf,CAAC,EAAK;IACxB,IAAMG,CAAC,GAAKH,CAAC,IAAI,CAAC,GAAGe,CAAC,CAAC,GAAIA,CAAC,GAAI,CAAC;IACjC,OAAOZ,CAAC,GAAG,GAAG,GAAG,CAAC,CAAC,GAAG,CAAC,IAAI,CAAC,GAAGA,CAAC,CAAC,GAAG,CAAC,GAAG,CAAC,IAAI,CAAC,GAAGA,CAAC,CAAC;EACrD,CAAC;AAAA;AAED,IAAMiF,MAAM,GAAG,SAATA,MAAMA,CAAIrE,CAAC;EAAA,OAAK,UAACf,CAAC,EAAK;IAC3B,IAAMG,CAAC,GAAKH,CAAC,IAAI,CAAC,GAAGe,CAAC,CAAC,GAAIA,CAAC,GAAI,CAAC;IACjC,OAAOZ,CAAC,GAAG,GAAG,GAAG,CAAC,GAAG,CAAC,CAAC;EACzB,CAAC;AAAA;AAED,IAAMkF,KAAK,GAAG,SAARA,KAAKA,CAAIhE,CAAC;EAAA,OAAK;IAAA,OAAM,UAACrB,CAAC;MAAA,OAAKyD,IAAI,CAAC6B,GAAG,CAAC,CAACtF,CAAC,GAAGqB,CAAC,CAAC;IAAA;EAAA;AAAA;;AAElD;AACA;AACA,IAAMkE,KAAK,GAAG,SAARA,KAAKA,CAAA,EAAS;EAClB,IAAIC,OAAO,GAAG,CAAC;EAEf,OAAO,YAAM;IACX,IAAMC,KAAK,GAAG,IAAAC,qBAAe,EAAC,CAAC,CAAC;IAChC,IAAM9D,KAAK,GAAG,CAAC4D,OAAO,GAAG,IAAI,GAAGC,KAAK,IAAI,IAAI;IAC7CD,OAAO,GAAG5D,KAAK;IACf,OAAOA,KAAK,GAAG,GAAG;EACpB,CAAC;AACH,CAAC;;AAED;AACA,IAAM+D,GAAG,GAAG,SAANA,GAAGA,CAAIvE,CAAC,EAAEwE,CAAC;EAAA,OAAK,UAAC7E,CAAC,EAAK;IAC3B,IAAM8E,EAAE,GAAGzE,CAAC,CAACL,CAAC,CAAC;IACf,IAAM+E,EAAE,GAAGF,CAAC,CAAC7E,CAAC,CAAC;IAEf,OAAO,UAACf,CAAC,EAAEO,CAAC,EAAEa,CAAC;MAAA,OAAKyE,EAAE,CAAC7F,CAAC,EAAEO,CAAC,EAAEa,CAAC,CAAC,GAAG0E,EAAE,CAAC9F,CAAC,EAAEO,CAAC,EAAEa,CAAC,CAAC;IAAA;EAC/C,CAAC;AAAA;AAED,IAAM2E,GAAG,GAAG,SAANA,GAAGA,CAAI3E,CAAC,EAAEwE,CAAC;EAAA,OAAK,UAAC7E,CAAC,EAAK;IAC3B,IAAM8E,EAAE,GAAGzE,CAAC,CAACL,CAAC,CAAC;IACf,IAAM+E,EAAE,GAAGF,CAAC,CAAC7E,CAAC,CAAC;IAEf,OAAO,UAACf,CAAC,EAAEO,CAAC,EAAEa,CAAC;MAAA,OAAKyE,EAAE,CAAC7F,CAAC,EAAEO,CAAC,EAAEa,CAAC,CAAC,GAAG0E,EAAE,CAAC9F,CAAC,EAAEO,CAAC,EAAEa,CAAC,CAAC;IAAA;EAC/C,CAAC;AAAA;AAED,IAAM4E,KAAK,GAAG,SAARA,KAAKA,CAAI5B,EAAE,EAAEjE,CAAC;EAAA,OAAK,UAACY,CAAC,EAAK;IAC9B,IAAMkF,GAAG,GAAG7B,EAAE,CAACrD,CAAC,CAAC;IACjB,OAAO,UAACf,CAAC,EAAEO,CAAC,EAAEa,CAAC;MAAA,OAAKjB,CAAC,GAAG8F,GAAG,CAACjG,CAAC,EAAEO,CAAC,EAAEa,CAAC,CAAC;IAAA;EACtC,CAAC;AAAA;AAED,IAAM8E,KAAK,GAAG,SAARA,KAAKA,CAAI9B,EAAE,EAAE8B,MAAK;EAAA,OAAK,UAACnF,CAAC;IAAA,OAAK,UAACf,CAAC,EAAEO,CAAC,EAAEa,CAAC;MAAA,OAC1CgD,EAAE,CAACrD,CAAC,GAAIR,CAAC,GAAGa,CAAC,CAACG,MAAM,GAAI2E,MAAK,CAAC,CAAClG,CAAC,EAAEO,CAAC,EAAEa,CAAC,CAAC;IAAA;EAAA;AAAA;AAEzC,IAAM+E,SAAS,GAAG,SAAZA,SAASA,CAAI/B,EAAE,EAAE+B,UAAS,EAAEC,aAAa;EAAA,OAAK,UAACrF,CAAC;IAAA,OAAK,UAACf,CAAC,EAAEO,CAAC,EAAEa,CAAC;MAAA,OACjEgD,EAAE,CAACrD,CAAC,IAAIf,CAAC,GAAGoG,aAAa,GAAGD,UAAS,GAAG,CAAC,CAAC,CAAC,CAACnG,CAAC,EAAEO,CAAC,EAAEa,CAAC,CAAC;IAAA;EAAA;AAAA;AAEtD,IAAMiF,IAAI,GAAG,SAAPA,IAAIA,CAAIC,MAAM,EAAEjB,KAAK,EAAEkB,OAAO,EAAEC,OAAO,EAAEC,aAAa,EAAK;EAC/D,IAAMlF,MAAM,GAAG+E,MAAM,GAAGjB,KAAK,GAAGkB,OAAO,GAAGC,OAAO;EAEjD,OAAO;IAAA,OAAM,UAACxG,CAAC,EAAK;MAClB,IAAIA,CAAC,GAAGsG,MAAM,EAAE;QACd,OAAOtG,CAAC,GAAGsG,MAAM;MACnB;MAEA,IAAItG,CAAC,GAAGsG,MAAM,GAAGjB,KAAK,EAAE;QACtB,OAAO,CAAC,GAAI,CAACrF,CAAC,GAAGsG,MAAM,IAAIjB,KAAK,IAAK,CAAC,GAAGoB,aAAa,CAAC;MACzD;MAEA,IAAIzG,CAAC,GAAGuB,MAAM,GAAGiF,OAAO,EAAE;QACxB,OAAOC,aAAa;MACtB;MAEA,IAAIzG,CAAC,GAAGuB,MAAM,EAAE;QACd,OAAQ,CAACA,MAAM,GAAGvB,CAAC,IAAIwG,OAAO,GAAIC,aAAa;MACjD;MAEA,OAAO,CAAC;IACV,CAAC;EAAA;AACH,CAAC;;AAED;AACA,IAAMC,GAAG,GAAG,IAAIC,QAAQ,CAACvD,YAAY,EAAE;EAACwD,IAAI,EAAE;AAAG,CAAC,CAAC;AACnD,IAAMC,GAAG,GAAG,IAAIF,QAAQ,CAACvD,YAAY,EAAE;EAACwD,IAAI,EAAE,CAAC,GAAGF,GAAG,CAACE,IAAI,CAAChF;AAAK,CAAC,CAAC;AAClE,IAAMkF,SAAS,GAAG,IAAIC,aAAa,CAAC3D,YAAY,CAAC;AACjD,IAAMS,WAAW,GAAG,IAAI8C,QAAQ,CAACvD,YAAY,CAAC;AAE9CS,WAAW,CAACI,OAAO,CAAC4C,GAAG,CAAC,CAAC5C,OAAO,CAACb,YAAY,CAACS,WAAW,CAAC;AAC1DA,WAAW,CAACI,OAAO,CAAC6C,SAAS,CAAC,CAAC7C,OAAO,CAACyC,GAAG,CAAC,CAACzC,OAAO,CAACb,YAAY,CAACS,WAAW,CAAC;;AAE7E;AACAd,iBAAA,cAAAjD,YAAA,GAAAsC,CAAA,CAAC,SAAA4E,QAAA;EAAA,IAAA3B,KAAA,EAAA4B,QAAA,EAAA5C,QAAA,EAAA6C,cAAA,EAAAC,QAAA,EAAAC,mBAAA;EAAA,OAAAtH,YAAA,GAAAqC,CAAA,WAAAkF,QAAA;IAAA,kBAAAA,QAAA,CAAAlH,CAAA;MAAA;QACOkF,KAAK,GAAG,GAAG;QACX4B,QAAQ,GAAG,IAAI;QACf5C,QAAQ,GAAGgB,KAAK,GAAG4B,QAAQ;QAE3BC,cAAc,GAAG,IAAII,mBAAmB,CAC1C,CAAC,EACDjD,QAAQ,GAAGf,UAAU,EACrBA,UACJ,CAAC;QAEK6D,QAAQ,GAAG,IAAIR,QAAQ,CAACO,cAAc,EAAE;UAACN,IAAI,EAAE;QAAC,CAAC,CAAC;QACxDO,QAAQ,CAACP,IAAI,CACRW,cAAc,CAAC,CAAC,EAAEN,QAAQ,CAAC,CAC3BO,4BAA4B,CAAC,IAAI,EAAEnD,QAAQ,CAAC;QAE3C+C,mBAAmB,GAAG,IAAIpD,qBAAqB,CAACkD,cAAc,EAAE;UACpEtD,MAAM,EAAEO,mBAAmB,CAACoB,KAAK,CAAC,CAAC,EAAElB,QAAQ,EAAE,CAAC;QAClD,CAAC,CAAC;QAEF+C,mBAAmB,CAACnD,OAAO,CAACkD,QAAQ,CAAC,CAAClD,OAAO,CAACiD,cAAc,CAACrD,WAAW,CAAC;QACzEuD,mBAAmB,CAAClD,KAAK,CAAC,CAAC;QAACmD,QAAA,CAAAlH,CAAA;QAAA,OAEH+G,cAAc,CAACO,cAAc,CAAC,CAAC;MAAA;QAAxDX,SAAS,CAAClD,MAAM,GAAAyD,QAAA,CAAAlG,CAAA;MAAA;QAAA,OAAAkG,QAAA,CAAAjG,CAAA;IAAA;EAAA,GAAA4F,OAAA;AAAA,CACjB,GAAE,CAAC;AAEJ,IAAMU,IAAI,GAAG,SAAPA,IAAIA,CAAI3C,KAAK;EAAA,OAAKpB,SAAS,CAACoB,KAAK,EAAElB,WAAW,CAAC;AAAA;AAErD,IAAM8D,KAAK,GAAGjD,aAAa,CAACqB,GAAG,CAACA,GAAG,CAACb,GAAG,EAAEK,KAAK,CAAC,EAAEF,KAAK,CAAC,EAAE,CAAC,CAAC,EAAE,GAAG,EAAE,CAAC,CAAC;AAC7D,IAAIuC,SAAS,GAAAC,OAAA,CAAAD,SAAA,GAAG,SAAZA,SAASA,CAAA;EAAA,OAASF,IAAI,CAACC,KAAK,CAAC,EAAE,CAAC,CAAC;AAAA;AAE5C,IAAMG,IAAI,GAAGpD,aAAa,CACtBqB,GAAG,CACCA,GAAG,CAACX,MAAM,EAAEe,SAAS,CAACf,MAAM,EAAE7B,MAAM,CAAC,EAAE,CAAC,GAAGA,MAAM,CAAC,EAAE,CAAC,EAAE,GAAG,CAAC,CAAC,EAC5D8C,IAAI,CAAC,KAAK,EAAE,IAAI,EAAE,IAAI,EAAE,IAAI,EAAE,GAAG,CACrC,CAAC,EACD,GAAG,EACH,GACJ,CAAC;AACM,IAAI0B,QAAQ,GAAAF,OAAA,CAAAE,QAAA,GAAG,SAAXA,QAAQA,CAAA;EAAA,OAASL,IAAI,CAACI,IAAI,CAAC,EAAE,CAAC,CAAC;AAAA;AAE1C,IAAME,UAAU,GAAGtD,aAAa,CAC5BqB,GAAG,CACCA,GAAG,CAACb,GAAG,EAAEiB,SAAS,CAACf,MAAM,EAAE7B,MAAM,CAAC,EAAE,CAAC,GAAGA,MAAM,CAAC,EAAE,CAAC,EAAE,GAAG,CAAC,CAAC,EACzD8C,IAAI,CAAC,KAAK,EAAE,GAAG,EAAE,GAAG,EAAE,GAAG,EAAE,GAAG,CAClC,CAAC,EACD,CAAC,EACD,GACJ,CAAC;AACM,IAAI4B,cAAc,GAAAJ,OAAA,CAAAI,cAAA,GAAG,SAAjBA,cAAcA,CAAA;EAAA,OAASP,IAAI,CAACM,UAAU,CAAC,EAAE,CAAC,CAAC;AAAA;AAGtDE,gBAAgB,CAAC,OAAO,EAAE;EAAA,OAAM9E,YAAY,CAAC+E,MAAM,CAAC,CAAC;AAAA,GAAE;EAACC,IAAI,EAAE;AAAI,CAAC,CAAC","ignoreList":[]},"_coverageSchema":"1a1c01bbd47fc00a2c39e90264f33305004495a9","hash":"53c65fe9d848f45c5fb0ef646a51975dbb455ad9","contentHash":"207b1f09c7f29b9f025e1594d9f3bee939ed18b476c990f8c38970f19d5bd18d"}}